TN:
SF:/home/asset/zephyrproject/zephyr/samples/bluetooth/peripheral/src/cts.c
FN:28,ct_ccc_cfg_changed
FNDA:0,ct_ccc_cfg_changed
FN:33,read_ct
FNDA:4,read_ct
FN:42,write_ct
FNDA:4,write_ct
FN:68,generate_current_time
FNDA:20,generate_current_time
FN:95,cts_init
FNDA:20,cts_init
FN:101,cts_notify
FNDA:0,cts_notify
DA:28,0
DA:31,0
DA:33,4
DA:36,4
DA:38,4
DA:42,4
DA:46,4
DA:48,4
DA:49,0
DA:52,4
DA:53,4
DA:55,4
DA:68,20
DA:77,20
DA:78,20
DA:79,20
DA:80,20
DA:81,20
DA:82,20
DA:83,20
DA:86,20
DA:89,20
DA:92,20
DA:93,20
DA:95,20
DA:98,20
DA:99,20
DA:101,0
DA:103,0
DA:104,0
DA:107,0
DA:108,0
end_of_record
SF:/home/asset/zephyrproject/zephyr/include/zephyr/bluetooth/gatt.h
FN:1188,bt_gatt_notify
FNDA:0,bt_gatt_notify
DA:1188,0
DA:1194,0
DA:1196,0
DA:1197,0
DA:1198,0
DA:1203,0
end_of_record
TN:
SF:/home/asset/zephyrproject/zephyr/samples/bluetooth/peripheral/src/main.c
FN:41,read_vnd
FNDA:0,read_vnd
FN:50,write_vnd
FNDA:0,write_vnd
FN:69,vnd_ccc_cfg_changed
FNDA:0,vnd_ccc_cfg_changed
FN:74,indicate_cb
FNDA:0,indicate_cb
FN:79,indicate_destroy
FNDA:0,indicate_destroy
FN:93,write_long_vnd
FNDA:0,write_long_vnd
FN:115,read_signed
FNDA:0,read_signed
FN:123,write_signed
FNDA:0,write_signed
FN:137,write_signed_v1
FNDA:0,write_signed_v1
FN:152,write_without_rsp_vnd
FNDA:0,write_without_rsp_vnd
FN:191,write_rsp
FNDA:0,write_rsp
FN:298,mtu_updated
FNDA:20,mtu_updated
FN:305,connected
FNDA:20,connected
FN:314,disconnected
FNDA:0,disconnected
FN:319,alert_stop
FNDA:0,alert_stop
FN:324,alert_start
FNDA:0,alert_start
FN:329,alert_high_start
FNDA:0,alert_high_start
FN:345,bt_ready
FNDA:20,bt_ready
FN:366,auth_passkey_display
FNDA:0,auth_passkey_display
FN:375,auth_cancel
FNDA:0,auth_cancel
FN:390,bas_notify
FNDA:0,bas_notify
FN:403,hrs_notify
FNDA:0,hrs_notify
FN:416,main
FNDA:20,main
DA:41,0
DA:44,0
DA:47,0
DA:50,0
DA:53,0
DA:59,0
DA:60,0
DA:62,0
DA:69,0
DA:71,0
DA:72,0
DA:74,0
DA:76,0
DA:77,0
DA:79,0
DA:81,0
DA:82,0
DA:83,0
DA:93,0
DA:96,0
DA:98,0
DA:99,0
DA:107,0
DA:108,0
DA:110,0
DA:115,0
DA:118,0
DA:120,0
DA:123,0
DA:126,0
DA:128,0
DA:129,0
DA:132,0
DA:134,0
DA:137,0
DA:140,0
DA:142,0
DA:143,0
DA:146,0
DA:148,0
DA:152,0
DA:155,0
DA:157,0
DA:158,0
DA:159,0
DA:160,0
DA:165,0
DA:169,0
DA:172,0
DA:173,0
DA:176,0
DA:177,0
DA:178,0
DA:180,0
DA:181,0
DA:185,0
DA:186,0
DA:188,0
DA:191,0
DA:194,0
DA:197,0
DA:199,0
DA:202,0
DA:203,0
DA:206,0
DA:207,0
DA:210,0
DA:211,0
DA:214,0
DA:215,0
DA:219,0
DA:220,0
DA:228,0
DA:230,0
DA:298,20
DA:300,20
DA:301,20
DA:305,20
DA:307,20
DA:308,0
DA:310,20
DA:312,20
DA:314,0
DA:316,0
DA:317,0
DA:319,0
DA:321,0
DA:322,0
DA:324,0
DA:326,0
DA:327,0
DA:329,0
DA:331,0
DA:332,0
DA:345,20
DA:349,20
DA:351,20
DA:354,20
DA:357,20
DA:358,20
DA:359,0
DA:360,0
DA:363,20
DA:366,0
DA:370,0
DA:372,0
DA:373,0
DA:375,0
DA:379,0
DA:381,0
DA:382,0
DA:390,0
DA:392,0
DA:394,0
DA:396,0
DA:397,0
DA:400,0
DA:401,0
DA:403,0
DA:408,0
DA:409,0
DA:410,0
DA:413,0
DA:414,0
DA:416,20
DA:422,20
DA:423,20
DA:424,0
DA:425,0
DA:428,20
DA:430,20
DA:431,20
DA:433,20
DA:434,20
DA:435,20
DA:440,0
DA:441,20
DA:444,0
DA:447,0
DA:450,0
DA:453,0
DA:454,0
DA:455,0
DA:458,0
DA:459,0
DA:460,0
DA:461,0
DA:462,0
DA:464,0
DA:465,0
end_of_record
SF:/home/asset/zephyrproject/zephyr/include/zephyr/bluetooth/addr.h
FN:242,bt_addr_le_to_str
FNDA:0,bt_addr_le_to_str
DA:242,0
DA:247,0
DA:248,0
DA:249,0
DA:250,0
DA:251,0
DA:252,0
DA:253,0
DA:254,0
DA:255,0
DA:256,0
DA:257,0
DA:258,0
DA:259,0
DA:260,0
DA:261,0
DA:262,0
DA:265,0
DA:266,0
DA:267,0
end_of_record
SF:/home/asset/zephyrproject/build/zephyr/include/generated/syscalls/kernel.h
FN:126,k_sleep
FNDA:20,k_sleep
DA:126,20
DA:134,20
DA:135,20
end_of_record
TN:
SF:/home/asset/zephyrproject/zephyr/drivers/flash/flash_simulator_native.c
FN:38,flash_mock_init_native
FNDA:20,flash_mock_init_native
FN:99,flash_mock_cleanup_native
FNDA:20,flash_mock_cleanup_native
DA:38,20
DA:45,20
DA:46,0
DA:47,0
DA:48,0
DA:49,0
DA:50,0
DA:53,20
DA:54,20
DA:55,0
DA:57,0
DA:58,0
DA:61,20
DA:62,20
DA:63,0
DA:65,0
DA:66,0
DA:69,20
DA:70,0
DA:72,0
DA:73,0
DA:76,20
DA:78,20
DA:79,0
DA:81,0
DA:82,0
DA:86,20
DA:88,0
DA:91,20
DA:99,20
DA:104,20
DA:105,0
DA:106,0
DA:108,0
DA:111,20
DA:112,20
DA:115,20
DA:116,20
DA:119,20
DA:121,0
end_of_record
TN:
SF:/home/asset/zephyrproject/zephyr/scripts/native_simulator/common/src/include/nsi_hw_scheduler.h
FN:19,nsi_hws_get_time
FNDA:0,nsi_hws_get_time
DA:19,0
DA:22,0
end_of_record
SF:/home/asset/zephyrproject/zephyr/scripts/native_simulator/common/src/main.c
FN:25,nsi_exit_inner
FNDA:20,nsi_exit_inner
FN:47,nsi_exit
FNDA:20,nsi_exit
FN:57,nsi_init
FNDA:20,nsi_init
FN:96,nsi_exec_for
FNDA:0,nsi_exec_for
FN:113,main
FNDA:20,main
DA:25,20
DA:30,20
DA:36,40
DA:37,20
DA:38,20
DA:41,20
DA:42,20
DA:43,20
DA:44,20
DA:47,20
DA:49,20
DA:57,20
DA:65,20
DA:66,20
DA:68,20
DA:69,40
DA:70,20
DA:73,20
DA:75,20
DA:76,40
DA:77,20
DA:80,20
DA:81,20
DA:83,20
DA:85,20
DA:87,20
DA:88,20
DA:96,0
DA:98,0
DA:101,0
DA:102,0
DA:103,0
DA:113,20
DA:115,20
DA:117,3040
end_of_record
TN:
SF:/home/asset/zephyrproject/zephyr/scripts/native_simulator/common/src/nsi_tasks.c
FN:12,nsi_run_tasks
FNDA:140,nsi_run_tasks
DA:12,140
DA:36,300
DA:37,160
DA:38,160
DA:39,160
DA:42,140
end_of_record
TN:
SF:/home/asset/zephyrproject/zephyr/scripts/native_simulator/common/src/nsi_cpun_if.c
FN:14,nsif_cpun_pre_cmdline_hooks
FNDA:20,nsif_cpun_pre_cmdline_hooks
FN:15,nsif_cpun_pre_hw_init_hooks
FNDA:20,nsif_cpun_pre_hw_init_hooks
FN:16,nsif_cpun_boot
FNDA:20,nsif_cpun_boot
FN:17,nsif_cpun_cleanup
FNDA:20,nsif_cpun_cleanup
FN:18,nsif_cpun_irq_raised
FNDA:0,nsif_cpun_irq_raised
FN:19,nsif_cpun_irq_raised_from_sw
FNDA:0,nsif_cpun_irq_raised_from_sw
FN:20,nsif_cpun_test_hook
FNDA:0,nsif_cpun_test_hook
DA:14,20
DA:15,20
DA:16,20
DA:17,20
DA:18,0
DA:19,0
DA:20,0
end_of_record
TN:
SF:/home/asset/zephyrproject/zephyr/scripts/native_simulator/common/src/nsi_host_trampolines.c
FN:14,nsi_host_calloc
FNDA:0,nsi_host_calloc
FN:19,nsi_host_close
FNDA:0,nsi_host_close
FN:24,nsi_host_free
FNDA:0,nsi_host_free
FN:29,nsi_host_getcwd
FNDA:0,nsi_host_getcwd
FN:34,nsi_host_isatty
FNDA:0,nsi_host_isatty
FN:39,nsi_host_malloc
FNDA:0,nsi_host_malloc
FN:44,nsi_host_open
FNDA:0,nsi_host_open
FN:49,nsi_host_random
FNDA:0,nsi_host_random
FN:54,nsi_host_read
FNDA:0,nsi_host_read
FN:59,nsi_host_realloc
FNDA:0,nsi_host_realloc
FN:64,nsi_host_srandom
FNDA:0,nsi_host_srandom
FN:69,nsi_host_strdup
FNDA:0,nsi_host_strdup
FN:74,nsi_host_write
FNDA:0,nsi_host_write
DA:14,0
DA:16,0
DA:19,0
DA:21,0
DA:24,0
DA:26,0
DA:27,0
DA:29,0
DA:31,0
DA:34,0
DA:36,0
DA:39,0
DA:41,0
DA:44,0
DA:46,0
DA:49,0
DA:51,0
DA:54,0
DA:56,0
DA:59,0
DA:61,0
DA:64,0
DA:66,0
DA:67,0
DA:69,0
DA:71,0
DA:74,0
DA:76,0
end_of_record
TN:
SF:/home/asset/zephyrproject/zephyr/scripts/native_simulator/common/src/nsi_hw_scheduler.c
FN:41,nsi_hws_signal_end_handler
FNDA:20,nsi_hws_signal_end_handler
FN:61,nsi_hws_set_sig_handler
FNDA:20,nsi_hws_set_sig_handler
FN:75,nsi_hws_sleep_until_next_event
FNDA:3040,nsi_hws_sleep_until_next_event
FN:101,nsi_hws_find_next_event
FNDA:5060,nsi_hws_find_next_event
FN:114,nsi_hws_get_next_event_time
FNDA:0,nsi_hws_get_next_event_time
FN:123,nsi_hws_one_event
FNDA:3040,nsi_hws_one_event
FN:139,nsi_hws_set_end_of_time
FNDA:0,nsi_hws_set_end_of_time
FN:150,nsi_hws_init
FNDA:20,nsi_hws_init
FN:164,nsi_hws_cleanup
FNDA:20,nsi_hws_cleanup
DA:41,20
DA:43,20
DA:44,20
DA:61,20
DA:65,20
DA:66,20
DA:68,20
DA:70,20
DA:71,20
DA:72,20
DA:75,3040
DA:77,3040
DA:78,3040
DA:81,0
DA:89,3040
DA:90,20
DA:91,20
DA:92,20
DA:94,3020
DA:101,5060
DA:103,5060
DA:104,5060
DA:106,15180
DA:107,10120
DA:108,2000
DA:109,2000
DA:112,5060
DA:114,0
DA:116,0
DA:123,3040
DA:125,3040
DA:127,3020
DA:128,3020
DA:130,0
DA:133,3020
DA:134,3020
DA:139,0
DA:141,0
DA:142,0
DA:150,20
DA:152,20
DA:154,20
DA:155,20
DA:156,20
DA:164,20
DA:166,20
end_of_record
SF:/home/asset/zephyrproject/zephyr/scripts/native_simulator/common/src/nsi_safe_call.h
FN:23,nsi_safe_call
FNDA:60,nsi_safe_call
DA:23,60
DA:26,60
DA:27,0
DA:31,60
end_of_record
TN:
SF:/home/asset/zephyrproject/zephyr/scripts/native_simulator/common/src/nct.c
FN:133,abort_tail
FNDA:0,abort_tail
FN:155,nct_wait_until_allowed
FNDA:5320,nct_wait_until_allowed
FN:187,nct_let_run
FNDA:5200,nct_let_run
FN:213,nct_exit_and_cleanup
FNDA:20,nct_exit_and_cleanup
FN:241,nct_swap_threads
FNDA:5180,nct_swap_threads
FN:278,nct_first_thread_start
FNDA:20,nct_first_thread_start
FN:291,nct_cleanup_handler
FNDA:0,nct_cleanup_handler
FN:323,nct_thread_starter
FNDA:140,nct_thread_starter
FN:385,ttable_get_element
FNDA:10640,ttable_get_element
FN:404,ttable_get_empty_slot
FNDA:140,ttable_get_empty_slot
FN:458,nct_new_thread
FNDA:140,nct_new_thread
FN:499,nct_init
FNDA:20,nct_init
FN:553,nct_clean_up
FNDA:20,nct_clean_up
FN:605,nct_abort_thread
FNDA:0,nct_abort_thread
FN:642,nct_get_unique_thread_id
FNDA:0,nct_get_unique_thread_id
DA:133,0
DA:135,0
DA:142,0
DA:143,0
DA:144,0
DA:145,0
DA:155,5320
DA:157,5320
DA:159,5320
DA:166,17181
DA:167,11981
DA:169,11861
DA:170,0
DA:174,5200
DA:180,5200
DA:187,5200
DA:198,5200
DA:207,5200
DA:208,5200
DA:213,20
DA:218,20
DA:221,20
DA:223,20
DA:241,5180
DA:243,5180
DA:244,5180
DA:246,5180
DA:248,5180
DA:251,0
DA:254,5180
DA:256,5180
DA:261,0
DA:263,5180
DA:265,5060
DA:278,20
DA:280,20
DA:282,20
DA:285,20
DA:286,0
DA:291,0
DA:293,0
DA:294,0
DA:303,0
DA:304,0
DA:312,0
DA:315,0
DA:323,140
DA:325,140
DA:326,140
DA:328,140
DA:339,140
DA:345,140
DA:346,0
DA:347,0
DA:351,140
DA:362,140
DA:364,140
DA:371,0
DA:376,0
DA:377,0
DA:379,0
DA:381,0
DA:385,10640
DA:387,10640
DA:389,10640
DA:390,0
DA:394,10640
DA:395,0
DA:396,0
DA:398,10640
DA:404,140
DA:406,140
DA:408,560
DA:409,560
DA:412,140
DA:423,0
DA:424,0
DA:425,0
DA:429,0
DA:430,0
DA:432,0
DA:435,0
DA:436,0
DA:438,0
DA:441,0
DA:458,140
DA:460,140
DA:464,140
DA:465,140
DA:467,140
DA:468,140
DA:469,140
DA:470,140
DA:471,140
DA:472,140
DA:474,140
DA:485,140
DA:499,20
DA:510,20
DA:511,20
DA:512,0
DA:515,20
DA:516,20
DA:517,20
DA:519,20
DA:520,20
DA:522,20
DA:524,20
DA:525,0
DA:528,20
DA:530,1280
DA:531,1260
DA:533,20
DA:535,20
DA:537,20
DA:553,20
DA:555,20
DA:557,20
DA:558,0
DA:561,20
DA:605,0
DA:607,0
DA:608,0
DA:610,0
DA:617,0
DA:619,0
DA:626,0
DA:642,0
DA:644,0
DA:645,0
DA:647,0
end_of_record
SF:/home/asset/zephyrproject/zephyr/scripts/native_simulator/common/src/nsi_safe_call.h
FN:23,nsi_safe_call
FNDA:5560,nsi_safe_call
DA:23,5560
DA:26,5560
DA:27,0
DA:31,5560
end_of_record
TN:
SF:/home/asset/zephyrproject/zephyr/scripts/native_simulator/common/src/nsi_weak_stubs.c
FN:19,nsi_boot_warning
FNDA:0,nsi_boot_warning
FN:29,nsif_cpu0_pre_cmdline_hooks
FNDA:0,nsif_cpu0_pre_cmdline_hooks
FN:29,nsif_cpu15_pre_cmdline_hooks
FNDA:0,nsif_cpu15_pre_cmdline_hooks
FN:29,nsif_cpu14_pre_cmdline_hooks
FNDA:0,nsif_cpu14_pre_cmdline_hooks
FN:29,nsif_cpu13_pre_cmdline_hooks
FNDA:0,nsif_cpu13_pre_cmdline_hooks
FN:29,nsif_cpu12_pre_cmdline_hooks
FNDA:0,nsif_cpu12_pre_cmdline_hooks
FN:29,nsif_cpu11_pre_cmdline_hooks
FNDA:0,nsif_cpu11_pre_cmdline_hooks
FN:29,nsif_cpu10_pre_cmdline_hooks
FNDA:0,nsif_cpu10_pre_cmdline_hooks
FN:29,nsif_cpu9_pre_cmdline_hooks
FNDA:0,nsif_cpu9_pre_cmdline_hooks
FN:29,nsif_cpu8_pre_cmdline_hooks
FNDA:0,nsif_cpu8_pre_cmdline_hooks
FN:29,nsif_cpu7_pre_cmdline_hooks
FNDA:0,nsif_cpu7_pre_cmdline_hooks
FN:29,nsif_cpu5_pre_cmdline_hooks
FNDA:0,nsif_cpu5_pre_cmdline_hooks
FN:29,nsif_cpu4_pre_cmdline_hooks
FNDA:0,nsif_cpu4_pre_cmdline_hooks
FN:29,nsif_cpu3_pre_cmdline_hooks
FNDA:0,nsif_cpu3_pre_cmdline_hooks
FN:29,nsif_cpu2_pre_cmdline_hooks
FNDA:0,nsif_cpu2_pre_cmdline_hooks
FN:29,nsif_cpu1_pre_cmdline_hooks
FNDA:0,nsif_cpu1_pre_cmdline_hooks
FN:29,nsif_cpu6_pre_cmdline_hooks
FNDA:0,nsif_cpu6_pre_cmdline_hooks
FN:30,nsif_cpu14_pre_hw_init_hooks
FNDA:0,nsif_cpu14_pre_hw_init_hooks
FN:30,nsif_cpu15_pre_hw_init_hooks
FNDA:0,nsif_cpu15_pre_hw_init_hooks
FN:30,nsif_cpu13_pre_hw_init_hooks
FNDA:0,nsif_cpu13_pre_hw_init_hooks
FN:30,nsif_cpu12_pre_hw_init_hooks
FNDA:0,nsif_cpu12_pre_hw_init_hooks
FN:30,nsif_cpu11_pre_hw_init_hooks
FNDA:0,nsif_cpu11_pre_hw_init_hooks
FN:30,nsif_cpu10_pre_hw_init_hooks
FNDA:0,nsif_cpu10_pre_hw_init_hooks
FN:30,nsif_cpu9_pre_hw_init_hooks
FNDA:0,nsif_cpu9_pre_hw_init_hooks
FN:30,nsif_cpu8_pre_hw_init_hooks
FNDA:0,nsif_cpu8_pre_hw_init_hooks
FN:30,nsif_cpu7_pre_hw_init_hooks
FNDA:0,nsif_cpu7_pre_hw_init_hooks
FN:30,nsif_cpu5_pre_hw_init_hooks
FNDA:0,nsif_cpu5_pre_hw_init_hooks
FN:30,nsif_cpu4_pre_hw_init_hooks
FNDA:0,nsif_cpu4_pre_hw_init_hooks
FN:30,nsif_cpu3_pre_hw_init_hooks
FNDA:0,nsif_cpu3_pre_hw_init_hooks
FN:30,nsif_cpu2_pre_hw_init_hooks
FNDA:0,nsif_cpu2_pre_hw_init_hooks
FN:30,nsif_cpu1_pre_hw_init_hooks
FNDA:0,nsif_cpu1_pre_hw_init_hooks
FN:30,nsif_cpu0_pre_hw_init_hooks
FNDA:0,nsif_cpu0_pre_hw_init_hooks
FN:30,nsif_cpu6_pre_hw_init_hooks
FNDA:0,nsif_cpu6_pre_hw_init_hooks
FN:31,nsif_cpu6_boot
FNDA:0,nsif_cpu6_boot
FN:31,nsif_cpu15_boot
FNDA:0,nsif_cpu15_boot
FN:31,nsif_cpu14_boot
FNDA:0,nsif_cpu14_boot
FN:31,nsif_cpu13_boot
FNDA:0,nsif_cpu13_boot
FN:31,nsif_cpu12_boot
FNDA:0,nsif_cpu12_boot
FN:31,nsif_cpu11_boot
FNDA:0,nsif_cpu11_boot
FN:31,nsif_cpu10_boot
FNDA:0,nsif_cpu10_boot
FN:31,nsif_cpu9_boot
FNDA:0,nsif_cpu9_boot
FN:31,nsif_cpu8_boot
FNDA:0,nsif_cpu8_boot
FN:31,nsif_cpu7_boot
FNDA:0,nsif_cpu7_boot
FN:31,nsif_cpu5_boot
FNDA:0,nsif_cpu5_boot
FN:31,nsif_cpu4_boot
FNDA:0,nsif_cpu4_boot
FN:31,nsif_cpu3_boot
FNDA:0,nsif_cpu3_boot
FN:31,nsif_cpu2_boot
FNDA:0,nsif_cpu2_boot
FN:31,nsif_cpu1_boot
FNDA:0,nsif_cpu1_boot
FN:31,nsif_cpu0_boot
FNDA:0,nsif_cpu0_boot
FN:33,nsif_cpu0_cleanup
FNDA:0,nsif_cpu0_cleanup
FN:33,nsif_cpu1_cleanup
FNDA:0,nsif_cpu1_cleanup
FN:33,nsif_cpu2_cleanup
FNDA:0,nsif_cpu2_cleanup
FN:33,nsif_cpu3_cleanup
FNDA:0,nsif_cpu3_cleanup
FN:33,nsif_cpu4_cleanup
FNDA:0,nsif_cpu4_cleanup
FN:33,nsif_cpu5_cleanup
FNDA:0,nsif_cpu5_cleanup
FN:33,nsif_cpu7_cleanup
FNDA:0,nsif_cpu7_cleanup
FN:33,nsif_cpu6_cleanup
FNDA:0,nsif_cpu6_cleanup
FN:33,nsif_cpu15_cleanup
FNDA:0,nsif_cpu15_cleanup
FN:33,nsif_cpu14_cleanup
FNDA:0,nsif_cpu14_cleanup
FN:33,nsif_cpu13_cleanup
FNDA:0,nsif_cpu13_cleanup
FN:33,nsif_cpu12_cleanup
FNDA:0,nsif_cpu12_cleanup
FN:33,nsif_cpu11_cleanup
FNDA:0,nsif_cpu11_cleanup
FN:33,nsif_cpu10_cleanup
FNDA:0,nsif_cpu10_cleanup
FN:33,nsif_cpu9_cleanup
FNDA:0,nsif_cpu9_cleanup
FN:33,nsif_cpu8_cleanup
FNDA:0,nsif_cpu8_cleanup
FN:34,nsif_cpu8_irq_raised
FNDA:0,nsif_cpu8_irq_raised
FN:34,nsif_cpu0_irq_raised
FNDA:0,nsif_cpu0_irq_raised
FN:34,nsif_cpu15_irq_raised
FNDA:0,nsif_cpu15_irq_raised
FN:34,nsif_cpu14_irq_raised
FNDA:0,nsif_cpu14_irq_raised
FN:34,nsif_cpu13_irq_raised
FNDA:0,nsif_cpu13_irq_raised
FN:34,nsif_cpu12_irq_raised
FNDA:0,nsif_cpu12_irq_raised
FN:34,nsif_cpu11_irq_raised
FNDA:0,nsif_cpu11_irq_raised
FN:34,nsif_cpu10_irq_raised
FNDA:0,nsif_cpu10_irq_raised
FN:34,nsif_cpu9_irq_raised
FNDA:0,nsif_cpu9_irq_raised
FN:34,nsif_cpu7_irq_raised
FNDA:0,nsif_cpu7_irq_raised
FN:34,nsif_cpu6_irq_raised
FNDA:0,nsif_cpu6_irq_raised
FN:34,nsif_cpu5_irq_raised
FNDA:0,nsif_cpu5_irq_raised
FN:34,nsif_cpu4_irq_raised
FNDA:0,nsif_cpu4_irq_raised
FN:34,nsif_cpu3_irq_raised
FNDA:0,nsif_cpu3_irq_raised
FN:34,nsif_cpu2_irq_raised
FNDA:0,nsif_cpu2_irq_raised
FN:34,nsif_cpu1_irq_raised
FNDA:0,nsif_cpu1_irq_raised
FN:35,nsif_cpu5_irq_raised_from_sw
FNDA:0,nsif_cpu5_irq_raised_from_sw
FN:35,nsif_cpu0_irq_raised_from_sw
FNDA:0,nsif_cpu0_irq_raised_from_sw
FN:35,nsif_cpu15_irq_raised_from_sw
FNDA:0,nsif_cpu15_irq_raised_from_sw
FN:35,nsif_cpu14_irq_raised_from_sw
FNDA:0,nsif_cpu14_irq_raised_from_sw
FN:35,nsif_cpu13_irq_raised_from_sw
FNDA:0,nsif_cpu13_irq_raised_from_sw
FN:35,nsif_cpu12_irq_raised_from_sw
FNDA:0,nsif_cpu12_irq_raised_from_sw
FN:35,nsif_cpu11_irq_raised_from_sw
FNDA:0,nsif_cpu11_irq_raised_from_sw
FN:35,nsif_cpu10_irq_raised_from_sw
FNDA:0,nsif_cpu10_irq_raised_from_sw
FN:35,nsif_cpu8_irq_raised_from_sw
FNDA:0,nsif_cpu8_irq_raised_from_sw
FN:35,nsif_cpu7_irq_raised_from_sw
FNDA:0,nsif_cpu7_irq_raised_from_sw
FN:35,nsif_cpu6_irq_raised_from_sw
FNDA:0,nsif_cpu6_irq_raised_from_sw
FN:35,nsif_cpu4_irq_raised_from_sw
FNDA:0,nsif_cpu4_irq_raised_from_sw
FN:35,nsif_cpu3_irq_raised_from_sw
FNDA:0,nsif_cpu3_irq_raised_from_sw
FN:35,nsif_cpu9_irq_raised_from_sw
FNDA:0,nsif_cpu9_irq_raised_from_sw
FN:35,nsif_cpu1_irq_raised_from_sw
FNDA:0,nsif_cpu1_irq_raised_from_sw
FN:35,nsif_cpu2_irq_raised_from_sw
FNDA:0,nsif_cpu2_irq_raised_from_sw
FN:36,nsif_cpu15_test_hook
FNDA:0,nsif_cpu15_test_hook
FN:36,nsif_cpu14_test_hook
FNDA:0,nsif_cpu14_test_hook
FN:36,nsif_cpu13_test_hook
FNDA:0,nsif_cpu13_test_hook
FN:36,nsif_cpu12_test_hook
FNDA:0,nsif_cpu12_test_hook
FN:36,nsif_cpu0_test_hook
FNDA:0,nsif_cpu0_test_hook
FN:36,nsif_cpu11_test_hook
FNDA:0,nsif_cpu11_test_hook
FN:36,nsif_cpu10_test_hook
FNDA:0,nsif_cpu10_test_hook
FN:36,nsif_cpu9_test_hook
FNDA:0,nsif_cpu9_test_hook
FN:36,nsif_cpu8_test_hook
FNDA:0,nsif_cpu8_test_hook
FN:36,nsif_cpu7_test_hook
FNDA:0,nsif_cpu7_test_hook
FN:36,nsif_cpu6_test_hook
FNDA:0,nsif_cpu6_test_hook
FN:36,nsif_cpu5_test_hook
FNDA:0,nsif_cpu5_test_hook
FN:36,nsif_cpu4_test_hook
FNDA:0,nsif_cpu4_test_hook
FN:36,nsif_cpu3_test_hook
FNDA:0,nsif_cpu3_test_hook
FN:36,nsif_cpu2_test_hook
FNDA:0,nsif_cpu2_test_hook
FN:36,nsif_cpu1_test_hook
FNDA:0,nsif_cpu1_test_hook
DA:19,0
DA:21,0
DA:23,0
DA:29,0
DA:29,0
DA:29,0
DA:29,0
DA:29,0
DA:29,0
DA:29,0
DA:29,0
DA:29,0
DA:29,0
DA:29,0
DA:29,0
DA:29,0
DA:29,0
DA:29,0
DA:29,0
DA:30,0
DA:30,0
DA:30,0
DA:30,0
DA:30,0
DA:30,0
DA:30,0
DA:30,0
DA:30,0
DA:30,0
DA:30,0
DA:30,0
DA:30,0
DA:30,0
DA:30,0
DA:30,0
DA:31,0
DA:31,0
DA:31,0
DA:31,0
DA:31,0
DA:31,0
DA:31,0
DA:31,0
DA:31,0
DA:31,0
DA:31,0
DA:31,0
DA:31,0
DA:31,0
DA:31,0
DA:31,0
DA:33,0
DA:33,0
DA:33,0
DA:33,0
DA:33,0
DA:33,0
DA:33,0
DA:33,0
DA:33,0
DA:33,0
DA:33,0
DA:33,0
DA:33,0
DA:33,0
DA:33,0
DA:33,0
DA:34,0
DA:34,0
DA:34,0
DA:34,0
DA:34,0
DA:34,0
DA:34,0
DA:34,0
DA:34,0
DA:34,0
DA:34,0
DA:34,0
DA:34,0
DA:34,0
DA:34,0
DA:34,0
DA:35,0
DA:35,0
DA:35,0
DA:35,0
DA:35,0
DA:35,0
DA:35,0
DA:35,0
DA:35,0
DA:35,0
DA:35,0
DA:35,0
DA:35,0
DA:35,0
DA:35,0
DA:35,0
DA:36,0
DA:36,0
DA:36,0
DA:36,0
DA:36,0
DA:36,0
DA:36,0
DA:36,0
DA:36,0
DA:36,0
DA:36,0
DA:36,0
DA:36,0
DA:36,0
DA:36,0
DA:36,0
end_of_record
TN:
SF:/home/asset/zephyrproject/zephyr/scripts/native_simulator/common/src/nsi_cpu_ctrl.c
FN:21,nsi_cpu_set_auto_start
FNDA:0,nsi_cpu_set_auto_start
FN:28,nsi_cpu_get_auto_start
FNDA:0,nsi_cpu_get_auto_start
FN:33,nsi_cpu_auto_boot
FNDA:20,nsi_cpu_auto_boot
FN:43,nsi_cpu_boot
FNDA:0,nsi_cpu_boot
DA:21,0
DA:23,0
DA:25,0
DA:26,0
DA:28,0
DA:30,0
DA:33,20
DA:35,40
DA:36,20
DA:37,20
DA:38,20
DA:41,20
DA:43,0
DA:45,0
DA:46,0
DA:47,0
DA:50,0
DA:51,0
DA:52,0
end_of_record
TN:
SF:/home/asset/zephyrproject/zephyr/scripts/native_simulator/common/src/nsi_trace_varg.c
FN:10,nsi_print_error_and_exit
FNDA:0,nsi_print_error_and_exit
FN:19,nsi_print_warning
FNDA:0,nsi_print_warning
FN:28,nsi_print_trace
FNDA:20,nsi_print_trace
DA:10,0
DA:14,0
DA:15,0
DA:16,0
DA:17,0
DA:19,0
DA:23,0
DA:24,0
DA:25,0
DA:26,0
DA:28,20
DA:32,20
DA:33,20
DA:34,20
DA:35,20
end_of_record
TN:
SF:/home/asset/zephyrproject/zephyr/scripts/native_simulator/common/src/nsi_safe_call.h
FN:23,nsi_safe_call
FNDA:6180,nsi_safe_call
DA:23,6180
DA:26,6180
DA:27,0
DA:31,6180
end_of_record
SF:/home/asset/zephyrproject/zephyr/scripts/native_simulator/common/src/nce.c
FN:56,nce_init
FNDA:20,nce_init
FN:83,nce_terminate
FNDA:20,nce_terminate
FN:137,change_cpu_state_and_wait
FNDA:2020,change_cpu_state_and_wait
FN:169,sw_wrapper
FNDA:20,sw_wrapper
FN:197,nce_boot_cpu
FNDA:20,nce_boot_cpu
FN:231,nce_halt_cpu
FNDA:1020,nce_halt_cpu
FN:250,nce_wake_cpu
FNDA:1000,nce_wake_cpu
FN:273,nce_is_cpu_running
FNDA:0,nce_is_cpu_running
DA:56,20
DA:60,20
DA:62,20
DA:63,0
DA:65,20
DA:66,20
DA:68,20
DA:69,20
DA:71,20
DA:83,20
DA:85,20
DA:94,20
DA:103,20
DA:104,0
DA:106,0
DA:108,0
DA:110,0
DA:112,0
DA:113,0
DA:116,0
DA:137,2020
DA:139,2020
DA:143,2020
DA:146,2020
DA:156,4020
DA:158,2020
DA:163,2000
DA:164,2000
DA:169,20
DA:171,20
DA:174,20
DA:175,20
DA:184,20
DA:185,0
DA:197,20
DA:199,20
DA:201,20
DA:203,20
DA:204,20
DA:209,20
DA:212,40
DA:213,20
DA:215,20
DA:217,20
DA:218,0
DA:220,20
DA:231,1020
DA:233,1020
DA:235,1020
DA:236,0
DA:239,1020
DA:240,1000
DA:250,1000
DA:252,1000
DA:254,1000
DA:255,0
DA:258,1000
DA:264,1000
DA:265,0
DA:267,1000
DA:273,0
DA:275,0
DA:277,0
DA:278,0
DA:280,0
end_of_record
TN:
SF:/home/asset/zephyrproject/zephyr/scripts/native_simulator/native/src/hw_counter.c
FN:25,hw_counter_init
FNDA:20,hw_counter_init
FN:37,hw_counter_triggered
FNDA:0,hw_counter_triggered
FN:58,hw_counter_set_period
FNDA:0,hw_counter_set_period
FN:68,hw_counter_set_wrap_value
FNDA:0,hw_counter_set_wrap_value
FN:77,hw_counter_start
FNDA:0,hw_counter_start
FN:94,hw_counter_stop
FNDA:0,hw_counter_stop
FN:101,hw_counter_is_started
FNDA:0,hw_counter_is_started
FN:109,hw_counter_get_value
FNDA:0,hw_counter_get_value
FN:117,hw_counter_reset
FNDA:0,hw_counter_reset
FN:126,hw_counter_set_target
FNDA:0,hw_counter_set_target
DA:25,20
DA:27,20
DA:28,20
DA:29,20
DA:30,20
DA:31,20
DA:32,20
DA:33,20
DA:37,0
DA:39,0
DA:40,0
DA:41,0
DA:44,0
DA:45,0
DA:47,0
DA:48,0
DA:58,0
DA:60,0
DA:61,0
DA:68,0
DA:70,0
DA:71,0
DA:77,0
DA:79,0
DA:80,0
DA:83,0
DA:85,0
DA:86,0
DA:94,0
DA:96,0
DA:97,0
DA:98,0
DA:99,0
DA:101,0
DA:103,0
DA:109,0
DA:111,0
DA:117,0
DA:119,0
DA:120,0
DA:126,0
DA:128,0
DA:129,0
end_of_record
SF:/home/asset/zephyrproject/zephyr/scripts/native_simulator/common/src/include/nsi_hw_scheduler.h
FN:19,nsi_hws_get_time
FNDA:0,nsi_hws_get_time
DA:19,0
DA:22,0
end_of_record
TN:
SF:/home/asset/zephyrproject/zephyr/scripts/native_simulator/native/src/timer_model.c
FN:110,hwtimer_set_real_time_mode
FNDA:20,hwtimer_set_real_time_mode
FN:115,hwtimer_update_timer
FNDA:2060,hwtimer_update_timer
FN:120,host_clock_gettime
FNDA:2040,host_clock_gettime
FN:134,get_host_us_time
FNDA:2040,get_host_us_time
FN:142,hwtimer_init
FNDA:20,hwtimer_init
FN:169,hwtimer_enable
FNDA:20,hwtimer_enable
FN:177,hwtimer_tick_timer_reached
FNDA:2020,hwtimer_tick_timer_reached
FN:220,hwtimer_awake_timer_reached
FNDA:0,hwtimer_awake_timer_reached
FN:227,hwtimer_timer_reached
FNDA:2020,hwtimer_timer_reached
FN:250,hwtimer_wake_in_time
FNDA:0,hwtimer_wake_in_time
FN:263,hwtimer_set_silent_ticks
FNDA:2020,hwtimer_set_silent_ticks
FN:268,hwtimer_get_pending_silent_ticks
FNDA:0,hwtimer_get_pending_silent_ticks
FN:278,hwtimer_reset_rtc
FNDA:0,hwtimer_reset_rtc
FN:287,hwtimer_set_rtc_offset
FNDA:0,hwtimer_set_rtc_offset
FN:296,hwtimer_set_rt_ratio
FNDA:0,hwtimer_set_rt_ratio
FN:304,hwtimer_adjust_rtc_offset
FNDA:0,hwtimer_adjust_rtc_offset
FN:312,hwtimer_adjust_rt_ratio
FNDA:0,hwtimer_adjust_rt_ratio
FN:347,hwtimer_get_simu_rtc_time
FNDA:0,hwtimer_get_simu_rtc_time
FN:363,hwtimer_get_pseudohost_rtc_time
FNDA:0,hwtimer_get_pseudohost_rtc_time
FN:411,cmd_stop_at_found
FNDA:0,cmd_stop_at_found
FN:421,cmd_realtime_found
FNDA:0,cmd_realtime_found
FN:428,cmd_no_realtime_found
FNDA:0,cmd_no_realtime_found
FN:435,cmd_rtcoffset_found
FNDA:0,cmd_rtcoffset_found
FN:442,cmd_rt_drift_found
FNDA:0,cmd_rt_drift_found
FN:454,cmd_rt_ratio_found
FNDA:0,cmd_rt_ratio_found
FN:465,cmd_rtcreset_found
FNDA:0,cmd_rtcreset_found
FN:472,nsi_add_time_options
FNDA:20,nsi_add_time_options
DA:110,20
DA:112,20
DA:113,20
DA:115,2060
DA:117,2060
DA:118,2060
DA:120,2040
DA:123,2040
DA:127,2040
DA:134,2040
DA:138,2040
DA:139,2040
DA:142,20
DA:144,20
DA:145,20
DA:146,20
DA:147,20
DA:148,20
DA:149,20
DA:150,20
DA:151,20
DA:153,20
DA:157,20
DA:158,20
DA:160,20
DA:162,20
DA:169,20
DA:171,20
DA:172,20
DA:173,20
DA:174,20
DA:175,20
DA:177,2020
DA:179,2020
DA:180,2020
DA:181,2020
DA:182,2020
DA:183,2020
DA:185,2020
DA:198,2020
DA:202,2020
DA:203,2020
DA:204,2020
DA:206,2020
DA:210,2020
DA:211,2020
DA:213,2020
DA:214,1020
DA:216,1000
DA:218,2020
DA:220,0
DA:222,0
DA:223,0
DA:224,0
DA:225,0
DA:227,2020
DA:229,2020
DA:231,2020
DA:232,0
DA:235,2020
DA:236,2020
DA:238,2020
DA:250,0
DA:252,0
DA:253,0
DA:254,0
DA:255,0
DA:257,0
DA:263,2020
DA:265,2020
DA:266,2020
DA:268,0
DA:270,0
DA:278,0
DA:280,0
DA:281,0
DA:287,0
DA:289,0
DA:290,0
DA:296,0
DA:298,0
DA:299,0
DA:304,0
DA:306,0
DA:307,0
DA:312,0
DA:314,0
DA:315,0
DA:318,0
DA:319,0
DA:341,0
DA:342,0
DA:347,0
DA:349,0
DA:363,0
DA:390,0
DA:392,0
DA:393,0
DA:395,0
DA:396,0
DA:397,0
DA:398,0
DA:400,0
DA:401,0
DA:402,0
DA:411,0
DA:414,0
DA:415,0
DA:418,0
DA:419,0
DA:421,0
DA:425,0
DA:426,0
DA:428,0
DA:432,0
DA:433,0
DA:435,0
DA:439,0
DA:440,0
DA:442,0
DA:446,0
DA:447,0
DA:450,0
DA:451,0
DA:452,0
DA:454,0
DA:458,0
DA:459,0
DA:462,0
DA:463,0
DA:465,0
DA:469,0
DA:470,0
DA:472,20
DA:542,20
DA:543,20
end_of_record
SF:/home/asset/zephyrproject/zephyr/scripts/native_simulator/common/src/include/nsi_hw_scheduler.h
FN:19,nsi_hws_get_time
FNDA:20,nsi_hws_get_time
DA:19,20
DA:22,20
end_of_record
TN:
SF:/home/asset/zephyrproject/zephyr/scripts/native_simulator/native/src/native_rtc.c
FN:18,native_rtc_gettime_us
FNDA:0,native_rtc_gettime_us
FN:42,native_rtc_gettime
FNDA:0,native_rtc_gettime
FN:58,native_rtc_offset
FNDA:0,native_rtc_offset
FN:66,native_rtc_adjust_clock
FNDA:0,native_rtc_adjust_clock
DA:18,0
DA:20,0
DA:21,0
DA:22,0
DA:23,0
DA:24,0
DA:28,0
DA:29,0
DA:32,0
DA:34,0
DA:42,0
DA:44,0
DA:45,0
DA:46,0
DA:47,0
DA:49,0
DA:51,0
DA:58,0
DA:60,0
DA:61,0
DA:66,0
DA:68,0
DA:69,0
end_of_record
SF:/home/asset/zephyrproject/zephyr/scripts/native_simulator/common/src/include/nsi_hw_scheduler.h
FN:19,nsi_hws_get_time
FNDA:0,nsi_hws_get_time
DA:19,0
DA:22,0
end_of_record
TN:
SF:/home/asset/zephyrproject/zephyr/scripts/native_simulator/native/src/nsi_trace.c
FN:29,decide_about_color
FNDA:20,decide_about_color
FN:51,nsi_vprint_warning
FNDA:0,nsi_vprint_warning
FN:67,nsi_vprint_error_and_exit
FNDA:0,nsi_vprint_error_and_exit
FN:85,nsi_vprint_trace
FNDA:300,nsi_vprint_trace
FN:101,trace_disable_color
FNDA:0,trace_disable_color
FN:107,trace_enable_color
FNDA:0,trace_enable_color
FN:114,trace_force_color
FNDA:0,trace_force_color
FN:120,nsi_trace_over_tty
FNDA:0,nsi_trace_over_tty
FN:127,nsi_add_tracing_options
FNDA:20,nsi_add_tracing_options
DA:29,20
DA:31,20
DA:32,20
DA:34,20
DA:35,20
DA:37,20
DA:51,0
DA:53,0
DA:54,0
DA:56,0
DA:57,0
DA:60,0
DA:62,0
DA:63,0
DA:65,0
DA:67,0
DA:69,0
DA:70,0
DA:72,0
DA:73,0
DA:76,0
DA:78,0
DA:79,0
DA:82,0
DA:85,300
DA:87,300
DA:88,0
DA:90,300
DA:91,0
DA:94,300
DA:96,300
DA:97,0
DA:99,300
DA:101,0
DA:103,0
DA:104,0
DA:105,0
DA:107,0
DA:109,0
DA:110,0
DA:112,0
DA:114,0
DA:116,0
DA:117,0
DA:118,0
DA:120,0
DA:122,0
DA:127,20
DA:154,20
DA:155,20
end_of_record
TN:
SF:/home/asset/zephyrproject/zephyr/scripts/native_simulator/native/src/nsi_cmdline.c
FN:30,nsi_cleanup_cmd_line
FNDA:20,nsi_cleanup_cmd_line
FN:46,nsi_add_command_line_opts
FNDA:100,nsi_add_command_line_opts
FN:85,nsi_add_testargs_option
FNDA:20,nsi_add_testargs_option
FN:102,print_invalid_opt_error
FNDA:0,print_invalid_opt_error
FN:115,nsi_handle_cmd_line
FNDA:20,nsi_handle_cmd_line
FN:148,nsi_register_extra_args
FNDA:0,nsi_register_extra_args
FN:159,clear_extra_args
FNDA:20,clear_extra_args
FN:170,nsi_get_cmd_line_args
FNDA:0,nsi_get_cmd_line_args
FN:180,nsi_get_test_cmd_line_args
FNDA:0,nsi_get_test_cmd_line_args
DA:30,20
DA:32,20
DA:33,20
DA:34,20
DA:36,20
DA:46,100
DA:48,100
DA:50,420
DA:51,320
DA:53,100
DA:55,100
DA:56,20
DA:58,20
DA:59,20
DA:62,20
DA:63,20
DA:65,20
DA:67,20
DA:68,0
DA:70,20
DA:75,100
DA:78,100
DA:83,100
DA:85,20
DA:99,20
DA:100,20
DA:102,0
DA:104,0
DA:108,0
DA:115,20
DA:119,20
DA:121,20
DA:122,20
DA:124,20
DA:126,20
DA:127,0
DA:128,0
DA:129,0
DA:133,40
DA:135,20
DA:136,0
DA:137,0
DA:138,0
DA:141,20
DA:142,0
DA:143,0
DA:146,20
DA:148,0
DA:150,0
DA:152,0
DA:153,0
DA:154,0
DA:156,0
DA:157,0
DA:159,20
DA:161,20
DA:162,20
DA:170,0
DA:172,0
DA:173,0
DA:174,0
DA:180,0
DA:182,0
DA:183,0
DA:184,0
end_of_record
TN:
SF:/home/asset/zephyrproject/zephyr/scripts/native_simulator/common/src/include/nsi_hw_scheduler.h
FN:19,nsi_hws_get_time
FNDA:1000,nsi_hws_get_time
DA:19,1000
DA:22,1000
end_of_record
SF:/home/asset/zephyrproject/zephyr/scripts/native_simulator/common/src/nsi_internal.h
FN:43,nsi_find_lsb_set64
FNDA:1000,nsi_find_lsb_set64
DA:43,1000
DA:45,1000
end_of_record
SF:/home/asset/zephyrproject/zephyr/scripts/native_simulator/native/src/irq_ctrl.c
FN:47,hw_irq_ctrl_init
FNDA:20,hw_irq_ctrl_init
FN:61,hw_irq_ctrl_set_cur_prio
FNDA:2000,hw_irq_ctrl_set_cur_prio
FN:66,hw_irq_ctrl_get_cur_prio
FNDA:2000,hw_irq_ctrl_get_cur_prio
FN:71,hw_irq_ctrl_prio_set
FNDA:20,hw_irq_ctrl_prio_set
FN:76,hw_irq_ctrl_get_prio
FNDA:1000,hw_irq_ctrl_get_prio
FN:87,hw_irq_ctrl_get_highest_prio_irq
FNDA:2000,hw_irq_ctrl_get_highest_prio_irq
FN:111,hw_irq_ctrl_get_current_lock
FNDA:1000,hw_irq_ctrl_get_current_lock
FN:121,hw_irq_ctrl_change_lock
FNDA:74900,hw_irq_ctrl_change_lock
FN:135,hw_irq_ctrl_get_irq_status
FNDA:2000,hw_irq_ctrl_get_irq_status
FN:140,hw_irq_ctrl_clear_all_enabled_irqs
FNDA:0,hw_irq_ctrl_clear_all_enabled_irqs
FN:146,hw_irq_ctrl_clear_all_irqs
FNDA:0,hw_irq_ctrl_clear_all_irqs
FN:152,hw_irq_ctrl_disable_irq
FNDA:0,hw_irq_ctrl_disable_irq
FN:157,hw_irq_ctrl_is_irq_enabled
FNDA:0,hw_irq_ctrl_is_irq_enabled
FN:165,hw_irq_ctrl_get_irq_mask
FNDA:0,hw_irq_ctrl_get_irq_mask
FN:176,hw_irq_ctrl_clear_irq
FNDA:1000,hw_irq_ctrl_clear_irq
FN:191,hw_irq_ctrl_enable_irq
FNDA:20,hw_irq_ctrl_enable_irq
FN:199,hw_irq_ctrl_irq_raise_prefix
FNDA:1000,hw_irq_ctrl_irq_raise_prefix
FN:218,hw_irq_ctrl_set_irq
FNDA:1000,hw_irq_ctrl_set_irq
FN:235,irq_raising_from_hw_now
FNDA:1000,irq_raising_from_hw_now
FN:255,hw_irq_ctrl_raise_im
FNDA:0,hw_irq_ctrl_raise_im
FN:266,hw_irq_ctrl_raise_im_from_sw
FNDA:0,hw_irq_ctrl_raise_im_from_sw
FN:275,hw_irq_ctrl_timer_triggered
FNDA:1000,hw_irq_ctrl_timer_triggered
DA:47,20
DA:49,20
DA:50,20
DA:51,20
DA:52,20
DA:54,660
DA:55,640
DA:57,20
DA:61,2000
DA:63,2000
DA:64,2000
DA:66,2000
DA:68,2000
DA:71,20
DA:73,20
DA:74,20
DA:76,1000
DA:78,1000
DA:87,2000
DA:89,2000
DA:90,0
DA:93,2000
DA:94,2000
DA:95,2000
DA:97,3000
DA:98,1000
DA:100,1000
DA:101,1000
DA:102,1000
DA:103,1000
DA:104,1000
DA:107,2000
DA:111,1000
DA:113,1000
DA:121,74900
DA:123,74900
DA:125,74900
DA:127,74900
DA:128,20856
DA:129,0
DA:132,74900
DA:135,2000
DA:137,2000
DA:140,0
DA:142,0
DA:143,0
DA:144,0
DA:146,0
DA:148,0
DA:149,0
DA:150,0
DA:152,0
DA:154,0
DA:155,0
DA:157,0
DA:159,0
DA:165,0
DA:167,0
DA:176,1000
DA:178,1000
DA:179,1000
DA:180,1000
DA:191,20
DA:193,20
DA:194,20
DA:195,0
DA:197,20
DA:199,1000
DA:201,1000
DA:202,1000
DA:204,1000
DA:205,1000
DA:207,0
DA:208,0
DA:210,1000
DA:218,1000
DA:220,1000
DA:221,1000
DA:229,1000
DA:230,1000
DA:232,1000
DA:235,1000
DA:242,1000
DA:243,1000
DA:244,1000
DA:246,1000
DA:255,0
DA:257,0
DA:258,0
DA:259,0
DA:266,0
DA:268,0
DA:270,0
DA:271,0
DA:273,0
DA:275,1000
DA:277,1000
DA:278,1000
DA:279,1000
DA:280,1000
end_of_record
TN:
SF:/home/asset/zephyrproject/zephyr/scripts/native_simulator/native/src/nsi_cmdline_common.c
FN:33,nsi_cmd_is_option
FNDA:320,nsi_cmd_is_option
FN:84,nsi_cmd_is_help_option
FNDA:20,nsi_cmd_is_help_option
FN:122,nsi_cmd_read_option_value
FNDA:0,nsi_cmd_read_option_value
FN:185,nsi_cmd_args_set_defaults
FNDA:20,nsi_cmd_args_set_defaults
FN:237,nsi_cmd_gen_switch_syntax
FNDA:0,nsi_cmd_gen_switch_syntax
FN:287,nsi_cmd_print_switches_help
FNDA:0,nsi_cmd_print_switches_help
FN:316,nsi_cmd_print_long_help
FNDA:0,nsi_cmd_print_long_help
FN:366,nsi_cmd_handle_this_matched_arg
FNDA:20,nsi_cmd_handle_this_matched_arg
FN:394,nsi_cmd_parse_one_arg
FNDA:20,nsi_cmd_parse_one_arg
DA:33,320
DA:35,320
DA:36,320
DA:38,320
DA:39,320
DA:41,320
DA:42,320
DA:45,320
DA:46,200
DA:47,200
DA:49,0
DA:53,240
DA:54,240
DA:55,20
DA:56,20
DA:57,20
DA:59,0
DA:61,220
DA:62,100
DA:64,120
DA:65,120
DA:68,20
DA:69,0
DA:74,20
DA:84,20
DA:86,20
DA:87,20
DA:89,20
DA:90,20
DA:92,20
DA:93,20
DA:94,20
DA:95,0
DA:97,20
DA:122,0
DA:125,0
DA:126,0
DA:128,0
DA:129,0
DA:130,0
DA:131,0
DA:132,0
DA:133,0
DA:134,0
DA:135,0
DA:136,0
DA:137,0
DA:138,0
DA:139,0
DA:140,0
DA:141,0
DA:143,0
DA:145,0
DA:146,0
DA:147,0
DA:148,0
DA:149,0
DA:150,0
DA:151,0
DA:152,0
DA:153,0
DA:154,0
DA:155,0
DA:156,0
DA:157,0
DA:158,0
DA:159,0
DA:160,0
DA:161,0
DA:162,0
DA:163,0
DA:164,0
DA:165,0
DA:166,0
DA:168,0
DA:171,0
DA:172,0
DA:175,0
DA:176,0
DA:180,0
DA:185,20
DA:187,20
DA:189,340
DA:191,320
DA:192,160
DA:193,160
DA:196,160
DA:197,0
DA:198,0
DA:199,60
DA:200,60
DA:201,60
DA:202,20
DA:203,20
DA:204,20
DA:205,0
DA:206,0
DA:207,0
DA:208,0
DA:209,0
DA:210,0
DA:211,0
DA:212,0
DA:213,0
DA:214,0
DA:215,0
DA:216,0
DA:217,80
DA:218,80
DA:219,80
DA:220,0
DA:221,0
DA:222,0
DA:223,0
DA:225,160
DA:227,20
DA:237,0
DA:240,0
DA:242,0
DA:243,0
DA:246,0
DA:247,0
DA:248,0
DA:251,0
DA:252,0
DA:254,0
DA:255,0
DA:258,0
DA:263,0
DA:264,0
DA:267,0
DA:272,0
DA:274,0
DA:275,0
DA:277,0
DA:278,0
DA:280,0
DA:287,0
DA:289,0
DA:290,0
DA:292,0
DA:294,0
DA:297,0
DA:298,0
DA:300,0
DA:301,0
DA:302,0
DA:305,0
DA:306,0
DA:307,0
DA:310,0
DA:311,0
DA:316,0
DA:319,0
DA:320,0
DA:323,0
DA:325,0
DA:328,0
DA:333,0
DA:334,0
DA:336,0
DA:337,0
DA:338,0
DA:339,0
DA:340,0
DA:341,0
DA:344,0
DA:346,0
DA:347,0
DA:348,0
DA:351,0
DA:353,0
DA:355,0
DA:356,0
DA:358,0
DA:366,20
DA:369,20
DA:370,0
DA:371,0
DA:372,0
DA:374,0
DA:377,0
DA:379,0
DA:380,0
DA:384,20
DA:385,20
DA:387,20
DA:394,20
DA:396,20
DA:399,20
DA:400,0
DA:401,0
DA:404,300
DA:405,300
DA:406,0
DA:407,0
DA:409,300
DA:410,300
DA:411,300
DA:412,20
DA:414,20
DA:415,20
DA:417,280
DA:419,0
end_of_record
TN:
SF:/home/asset/zephyrproject/zephyr/drivers/bluetooth/hci/userchan.c
FN:70,get_rx
FNDA:680,get_rx
FN:104,packet_len
FNDA:680,packet_len
FN:161,uc_ready
FNDA:1620,uc_ready
FN:168,rx_thread
FNDA:20,rx_thread
FN:248,uc_send
FNDA:620,uc_send
FN:283,user_chan_open
FNDA:20,user_chan_open
FN:335,uc_open
FNDA:20,uc_open
FN:369,bt_uc_init
FNDA:20,bt_uc_init
FN:379,cmd_bt_dev_found
FNDA:20,cmd_bt_dev_found
FN:410,add_btuserchan_arg
FNDA:20,add_btuserchan_arg
FN:431,btuserchan_check_arg
FNDA:20,btuserchan_check_arg
DA:70,680
DA:72,680
DA:73,680
DA:75,680
DA:76,640
DA:77,640
DA:78,60
DA:79,0
DA:80,0
DA:83,680
DA:84,40
DA:85,40
DA:86,0
DA:92,0
DA:95,0
DA:104,680
DA:106,680
DA:107,680
DA:108,680
DA:109,680
DA:111,680
DA:112,0
DA:113,0
DA:116,0
DA:117,0
DA:118,0
DA:120,40
DA:121,40
DA:124,40
DA:125,40
DA:126,40
DA:128,0
DA:129,0
DA:132,0
DA:133,0
DA:134,0
DA:136,640
DA:137,640
DA:140,640
DA:141,640
DA:142,640
DA:144,0
DA:145,0
DA:148,0
DA:149,0
DA:150,0
DA:153,0
DA:154,0
DA:155,0
DA:158,680
DA:161,1620
DA:163,1620
DA:165,1620
DA:168,20
DA:174,20
DA:176,1600
DA:182,1620
DA:184,1620
DA:185,1020
DA:186,1000
DA:189,600
DA:191,600
DA:192,600
DA:193,0
DA:194,0
DA:195,0
DA:198,0
DA:199,0
DA:200,0
DA:201,0
DA:204,1280
DA:206,680
DA:207,680
DA:209,680
DA:210,0
DA:211,0
DA:214,680
DA:215,0
DA:217,0
DA:220,680
DA:221,680
DA:222,0
DA:223,0
DA:226,680
DA:227,680
DA:228,680
DA:229,0
DA:231,0
DA:232,0
DA:235,680
DA:237,680
DA:239,680
DA:240,680
DA:241,680
DA:244,600
DA:248,620
DA:250,620
DA:252,620
DA:253,0
DA:254,0
DA:257,620
DA:258,40
DA:259,40
DA:260,40
DA:261,580
DA:262,580
DA:263,580
DA:264,0
DA:271,0
DA:272,0
DA:275,620
DA:276,0
DA:279,620
DA:280,620
DA:283,20
DA:287,20
DA:290,0
DA:292,0
DA:293,0
DA:296,0
DA:297,0
DA:298,0
DA:299,0
DA:301,0
DA:302,0
DA:304,0
DA:305,0
DA:310,20
DA:311,20
DA:312,0
DA:315,20
DA:316,20
DA:317,20
DA:318,0
DA:320,0
DA:321,0
DA:324,20
DA:325,0
DA:327,0
DA:328,0
DA:332,20
DA:335,20
DA:337,20
DA:338,0
DA:340,20
DA:344,20
DA:345,20
DA:346,0
DA:349,20
DA:351,20
DA:355,20
DA:357,20
DA:359,20
DA:369,20
DA:372,20
DA:374,20
DA:379,20
DA:381,20
DA:382,20
DA:383,0
DA:385,0
DA:386,0
DA:387,0
DA:389,0
DA:392,20
DA:393,20
DA:394,0
DA:399,20
DA:400,0
DA:404,0
DA:408,20
DA:410,20
DA:428,20
DA:429,20
DA:431,20
DA:433,20
DA:434,0
DA:438,20
end_of_record
SF:/home/asset/zephyrproject/zephyr/include/zephyr/syscall.h
FN:115,k_is_user_context
FNDA:0,k_is_user_context
DA:115,0
DA:120,0
end_of_record
SF:/home/asset/zephyrproject/zephyr/include/zephyr/bluetooth/buf.h
FN:161,bt_buf_get_type
FNDA:620,bt_buf_get_type
DA:161,620
DA:163,620
DA:164,620
end_of_record
SF:/home/asset/zephyrproject/zephyr/include/zephyr/net/buf.h
FN:1465,net_buf_user_data
FNDA:620,net_buf_user_data
FN:1511,net_buf_add_mem
FNDA:680,net_buf_add_mem
FN:1905,net_buf_push_u8
FNDA:620,net_buf_push_u8
FN:2256,net_buf_tailroom
FNDA:680,net_buf_tailroom
DA:1465,620
DA:1467,620
DA:1511,680
DA:1514,680
DA:1905,620
DA:1907,620
DA:1908,620
DA:2256,680
DA:2258,680
end_of_record
SF:/home/asset/zephyrproject/zephyr/include/zephyr/logging/log_msg.h
FN:709,z_log_msg_runtime_create
FNDA:0,z_log_msg_runtime_create
DA:709,0
DA:717,0
DA:718,0
DA:720,0
DA:721,0
end_of_record
SF:/home/asset/zephyrproject/build/zephyr/include/generated/syscalls/kernel.h
FN:59,k_thread_create
FNDA:20,k_thread_create
FN:126,k_sleep
FNDA:1020,k_sleep
FN:175,k_yield
FNDA:600,k_yield
DA:59,20
DA:84,20
DA:85,20
DA:126,1020
DA:134,1020
DA:135,1020
DA:175,600
DA:183,600
DA:184,600
DA:185,600
end_of_record
TN:
SF:/home/asset/zephyrproject/zephyr/drivers/flash/flash_simulator.c
FN:168,flash_range_is_valid
FNDA:15680,flash_range_is_valid
FN:181,flash_sim_read
FNDA:15680,flash_sim_read
FN:212,flash_sim_write
FNDA:0,flash_sim_write
FN:287,unit_erase
FNDA:0,unit_erase
FN:297,flash_sim_erase
FNDA:0,flash_sim_erase
FN:347,flash_sim_page_layout
FNDA:40,flash_sim_page_layout
FN:357,flash_sim_get_parameters
FNDA:40,flash_sim_get_parameters
FN:376,flash_mock_init
FNDA:20,flash_mock_init
FN:413,flash_init
FNDA:20,flash_init
FN:427,flash_native_posix_cleanup
FNDA:20,flash_native_posix_cleanup
FN:434,flash_native_posix_options
FNDA:20,flash_native_posix_options
FN:473,z_impl_flash_simulator_get_memory
FNDA:0,z_impl_flash_simulator_get_memory
DA:168,15680
DA:172,15680
DA:173,15680
DA:175,0
DA:178,15680
DA:181,15680
DA:187,15680
DA:188,0
DA:198,15680
DA:200,15680
DA:201,15680
DA:209,15680
DA:212,0
DA:218,0
DA:219,0
DA:227,0
DA:231,0
DA:232,0
DA:233,0
DA:235,0
DA:241,0
DA:243,0
DA:244,0
DA:245,0
DA:246,0
DA:247,0
DA:248,0
DA:249,0
DA:250,0
DA:253,0
DA:258,0
DA:260,0
DA:261,0
DA:262,0
DA:269,0
DA:275,0
DA:284,0
DA:287,0
DA:289,0
DA:293,0
DA:295,0
DA:297,0
DA:302,0
DA:303,0
DA:307,0
DA:308,0
DA:309,0
DA:312,0
DA:315,0
DA:316,0
DA:317,0
DA:318,0
DA:322,0
DA:326,0
DA:327,0
DA:328,0
DA:338,0
DA:347,40
DA:351,40
DA:352,40
DA:353,40
DA:357,40
DA:361,40
DA:376,20
DA:381,20
DA:382,20
DA:385,20
DA:389,20
DA:390,0
DA:392,20
DA:413,20
DA:415,20
DA:416,20
DA:418,20
DA:427,20
DA:429,20
DA:432,20
DA:434,20
DA:463,20
DA:464,20
DA:473,0
DA:478,0
DA:479,0
end_of_record
TN:
SF:/home/asset/zephyrproject/zephyr/drivers/flash/flash_page_layout.c
FN:11,flash_get_page_info
FNDA:20,flash_get_page_info
FN:45,z_impl_flash_get_page_info_by_offs
FNDA:20,z_impl_flash_get_page_info_by_offs
FN:51,z_impl_flash_get_page_info_by_idx
FNDA:0,z_impl_flash_get_page_info_by_idx
FN:58,z_impl_flash_get_page_count
FNDA:0,z_impl_flash_get_page_count
FN:75,flash_page_foreach
FNDA:20,flash_page_foreach
DA:11,20
DA:14,20
DA:19,20
DA:20,20
DA:22,20
DA:24,20
DA:25,20
DA:26,20
DA:27,0
DA:29,20
DA:32,20
DA:33,20
DA:34,20
DA:35,20
DA:36,20
DA:39,0
DA:42,0
DA:45,20
DA:48,20
DA:51,0
DA:55,0
DA:58,0
DA:60,0
DA:63,0
DA:65,0
DA:67,0
DA:68,0
DA:69,0
DA:72,0
DA:75,20
DA:78,20
DA:81,20
DA:82,20
DA:84,20
DA:86,20
DA:87,20
DA:88,20
DA:90,5080
DA:91,5080
DA:92,5080
DA:94,5080
DA:95,20
DA:98,5060
DA:99,5060
end_of_record
TN:
SF:/home/asset/zephyrproject/zephyr/boards/posix/native_sim/native_posix_compat.h
FN:31,hwm_get_time
FNDA:7116,hwm_get_time
DA:31,7116
DA:33,7116
end_of_record
SF:/home/asset/zephyrproject/zephyr/scripts/native_simulator/common/src/include/nsi_hw_scheduler.h
FN:19,nsi_hws_get_time
FNDA:7116,nsi_hws_get_time
DA:19,7116
DA:22,7116
end_of_record
SF:/home/asset/zephyrproject/zephyr/drivers/timer/native_posix_timer.c
FN:30,sys_clock_cycle_get_32
FNDA:280,sys_clock_cycle_get_32
FN:35,sys_clock_cycle_get_64
FNDA:0,sys_clock_cycle_get_64
FN:44,np_timer_isr
FNDA:1000,np_timer_isr
FN:58,np_timer_isr_test_hook
FNDA:0,np_timer_isr_test_hook
FN:76,sys_clock_set_timeout
FNDA:2020,sys_clock_set_timeout
FN:105,sys_clock_elapsed
FNDA:5816,sys_clock_elapsed
FN:115,sys_clock_disable
FNDA:0,sys_clock_disable
FN:126,sys_clock_driver_init
FNDA:20,sys_clock_driver_init
DA:30,280
DA:32,280
DA:35,0
DA:37,0
DA:44,1000
DA:48,1000
DA:49,1000
DA:51,1000
DA:52,1000
DA:53,1000
DA:58,0
DA:60,0
DA:61,0
DA:76,2020
DA:86,2020
DA:87,0
DA:88,2020
DA:89,2020
DA:91,0
DA:93,2020
DA:95,2020
DA:105,5816
DA:107,5816
DA:115,0
DA:117,0
DA:118,0
DA:119,0
DA:126,20
DA:129,20
DA:131,20
DA:132,20
DA:134,20
DA:135,20
DA:137,20
end_of_record
TN:
SF:/home/asset/zephyrproject/zephyr/drivers/timer/sys_clock_init.c
FN:21,sys_clock_set_timeout
FNDA:0,sys_clock_set_timeout
FN:25,sys_clock_idle_exit
FNDA:0,sys_clock_idle_exit
DA:21,0
DA:23,0
DA:25,0
DA:27,0
end_of_record
TN:
SF:/home/asset/zephyrproject/zephyr/drivers/console/posix_arch_console.c
FN:15,print_char
FNDA:0,print_char
FN:41,posix_flush_stdout
FNDA:0,posix_flush_stdout
FN:51,posix_arch_console_init
FNDA:20,posix_arch_console_init
DA:15,0
DA:17,0
DA:19,0
DA:20,0
DA:21,0
DA:23,0
DA:26,0
DA:27,0
DA:30,0
DA:31,0
DA:32,0
DA:33,0
DA:35,0
DA:41,0
DA:43,0
DA:44,0
DA:45,0
DA:46,0
DA:47,0
DA:49,0
DA:51,20
DA:55,20
DA:61,20
end_of_record
TN:
SF:/home/asset/zephyrproject/zephyr/kernel/include/wait_q.h
FN:47,z_waitq_init
FNDA:0,z_waitq_init
DA:47,0
DA:49,0
DA:50,0
end_of_record
SF:/home/asset/zephyrproject/zephyr/include/zephyr/spinlock.h
FN:132,z_spinlock_validate_pre
FNDA:0,z_spinlock_validate_pre
FN:143,z_spinlock_validate_post
FNDA:0,z_spinlock_validate_post
FN:182,k_spin_lock
FNDA:0,k_spin_lock
FN:300,k_spin_unlock
FNDA:0,k_spin_unlock
DA:132,0
DA:141,0
DA:143,0
DA:152,0
DA:182,0
DA:191,0
DA:193,0
DA:211,0
DA:213,0
DA:300,0
DA:331,0
DA:332,0
end_of_record
SF:/home/asset/zephyrproject/zephyr/include/zephyr/sys/dlist.h
FN:203,sys_dlist_init
FNDA:0,sys_dlist_init
DA:203,0
DA:205,0
DA:206,0
DA:207,0
end_of_record
SF:/home/asset/zephyrproject/zephyr/kernel/kheap.c
FN:15,k_heap_init
FNDA:0,k_heap_init
FN:23,statics_init
FNDA:20,statics_init
FN:65,k_heap_aligned_alloc
FNDA:0,k_heap_aligned_alloc
FN:108,k_heap_alloc
FNDA:0,k_heap_alloc
FN:119,k_heap_free
FNDA:0,k_heap_free
DA:15,0
DA:17,0
DA:18,0
DA:21,0
DA:23,20
DA:25,20
DA:50,0
DA:53,20
DA:65,0
DA:68,0
DA:69,0
DA:71,0
DA:77,0
DA:79,0
DA:80,0
DA:82,0
DA:83,0
DA:87,0
DA:88,0
DA:97,0
DA:98,0
DA:99,0
DA:104,0
DA:105,0
DA:108,0
DA:112,0
DA:116,0
DA:119,0
DA:121,0
DA:123,0
DA:126,0
DA:127,0
DA:129,0
DA:131,0
end_of_record
SF:/home/asset/zephyrproject/zephyr/include/zephyr/arch/posix/arch.h
FN:71,arch_irq_lock
FNDA:0,arch_irq_lock
FN:77,arch_irq_unlock
FNDA:0,arch_irq_unlock
DA:71,0
DA:73,0
DA:77,0
DA:79,0
DA:80,0
end_of_record
TN:
SF:/home/asset/zephyrproject/zephyr/include/zephyr/spinlock.h
FN:132,z_spinlock_validate_pre
FNDA:40,z_spinlock_validate_pre
FN:143,z_spinlock_validate_post
FNDA:40,z_spinlock_validate_post
FN:182,k_spin_lock
FNDA:40,k_spin_lock
FN:300,k_spin_unlock
FNDA:40,k_spin_unlock
DA:132,40
DA:141,40
DA:143,40
DA:152,40
DA:182,40
DA:191,40
DA:193,40
DA:211,40
DA:213,40
DA:300,40
DA:331,40
DA:332,40
end_of_record
SF:/home/asset/zephyrproject/zephyr/arch/posix/include/kernel_arch_func.h
FN:27,arch_thread_return_value_set
FNDA:0,arch_thread_return_value_set
DA:27,0
DA:29,0
DA:30,0
end_of_record
SF:/home/asset/zephyrproject/zephyr/kernel/include/wait_q.h
FN:47,z_waitq_init
FNDA:0,z_waitq_init
DA:47,0
DA:49,0
DA:50,0
end_of_record
SF:/home/asset/zephyrproject/zephyr/include/zephyr/sys/dlist.h
FN:203,sys_dlist_init
FNDA:0,sys_dlist_init
DA:203,0
DA:205,0
DA:206,0
DA:207,0
end_of_record
SF:/home/asset/zephyrproject/zephyr/include/zephyr/sys/internal/kobject_internal.h
FN:92,k_object_init
FNDA:60,k_object_init
DA:92,60
DA:95,60
end_of_record
SF:/home/asset/zephyrproject/zephyr/kernel/mem_slab.c
FN:104,create_free_list
FNDA:60,create_free_list
FN:133,init_mem_slab_obj_core_list
FNDA:20,init_mem_slab_obj_core_list
FN:172,k_mem_slab_init
FNDA:0,k_mem_slab_init
FN:208,k_mem_slab_alloc
FNDA:40,k_mem_slab_alloc
FN:253,k_mem_slab_free
FNDA:0,k_mem_slab_free
FN:285,k_mem_slab_runtime_stats_get
FNDA:0,k_mem_slab_runtime_stats_get
DA:104,60
DA:110,60
DA:112,0
DA:115,60
DA:116,60
DA:118,160
DA:119,100
DA:120,100
DA:121,100
DA:123,60
DA:133,20
DA:135,20
DA:149,80
DA:150,60
DA:151,60
DA:152,0
DA:154,60
DA:165,20
DA:166,20
DA:172,0
DA:175,0
DA:177,0
DA:178,0
DA:179,0
DA:180,0
DA:181,0
DA:187,0
DA:188,0
DA:189,0
DA:200,0
DA:201,0
DA:202,0
DA:205,0
DA:208,40
DA:210,40
DA:215,40
DA:217,40
DA:218,40
DA:219,40
DA:226,40
DA:227,0
DA:230,0
DA:231,0
DA:236,0
DA:237,0
DA:238,0
DA:243,0
DA:248,40
DA:250,40
DA:253,0
DA:255,0
DA:264,0
DA:265,0
DA:267,0
DA:270,0
DA:271,0
DA:272,0
DA:273,0
DA:276,0
DA:277,0
DA:278,0
DA:282,0
DA:285,0
DA:287,0
DA:288,0
DA:291,0
DA:293,0
DA:294,0
DA:295,0
DA:300,0
DA:303,0
DA:305,0
end_of_record
SF:/home/asset/zephyrproject/zephyr/kernel/include/kernel_internal.h
FN:140,z_thread_return_value_set_with_data
FNDA:0,z_thread_return_value_set_with_data
DA:140,0
DA:144,0
DA:145,0
DA:146,0
end_of_record
SF:/home/asset/zephyrproject/zephyr/include/zephyr/arch/posix/arch.h
FN:71,arch_irq_lock
FNDA:40,arch_irq_lock
FN:77,arch_irq_unlock
FNDA:40,arch_irq_unlock
DA:71,40
DA:73,40
DA:77,40
DA:79,40
DA:80,40
end_of_record
TN:
SF:/home/asset/zephyrproject/zephyr/include/zephyr/debug/gcov.h
FN:15,gcov_static_init
FNDA:20,gcov_static_init
DA:15,20
end_of_record
SF:/home/asset/zephyrproject/zephyr/kernel/init.c
FN:142,z_early_memset
FNDA:0,z_early_memset
FN:155,z_early_memcpy
FNDA:0,z_early_memcpy
FN:166,z_bss_zero
FNDA:0,z_bss_zero
FN:263,z_sys_init_run_level
FNDA:100,z_sys_init_run_level
FN:322,bg_thread_main
FNDA:20,bg_thread_main
FN:384,init_idle_thread
FNDA:20,init_idle_thread
FN:413,z_init_cpu
FNDA:20,z_init_cpu
FN:456,prepare_multithreading
FNDA:20,prepare_multithreading
FN:489,switch_to_main_thread
FNDA:20,switch_to_main_thread
FN:507,z_early_rand_get
FNDA:0,z_early_rand_get
FN:551,z_cstart
FNDA:20,z_cstart
DA:142,0
DA:144,0
DA:145,0
DA:155,0
DA:157,0
DA:158,0
DA:166,0
DA:169,0
DA:263,100
DA:279,320
DA:280,220
DA:282,220
DA:283,20
DA:285,20
DA:286,20
DA:290,20
DA:291,0
DA:292,0
DA:294,0
DA:295,0
DA:297,0
DA:301,20
DA:303,20
DA:305,20
DA:308,200
DA:311,100
DA:322,20
DA:336,20
DA:338,20
DA:342,20
DA:350,20
DA:352,20
DA:371,20
DA:374,0
DA:380,0
DA:384,20
DA:386,20
DA:387,20
DA:399,20
DA:402,20
DA:403,20
DA:406,20
DA:411,20
DA:413,20
DA:415,20
DA:416,20
DA:417,20
DA:418,20
DA:419,20
DA:431,20
DA:441,20
DA:456,20
DA:461,20
DA:473,20
DA:475,20
DA:480,20
DA:481,20
DA:483,20
DA:485,20
DA:489,20
DA:492,20
DA:502,0
DA:507,0
DA:525,0
DA:528,0
DA:529,0
DA:530,0
DA:531,0
DA:532,0
DA:534,0
DA:535,0
DA:537,0
DA:551,20
DA:554,20
DA:557,20
DA:560,20
DA:562,20
DA:570,20
DA:573,20
DA:576,20
DA:577,20
DA:593,20
end_of_record
SF:/home/asset/zephyrproject/zephyr/kernel/include/ksched.h
FN:157,z_mark_thread_as_started
FNDA:40,z_mark_thread_as_started
DA:157,40
DA:159,40
DA:160,40
end_of_record
SF:/home/asset/zephyrproject/zephyr/include/zephyr/sys/atomic_builtin.h
FN:38,atomic_add
FNDA:20,atomic_add
FN:48,atomic_inc
FNDA:20,atomic_inc
DA:38,20
DA:40,20
DA:48,20
DA:50,20
end_of_record
SF:/home/asset/zephyrproject/zephyr/kernel/include/kswap.h
FN:239,z_dummy_thread_init
FNDA:20,z_dummy_thread_init
DA:239,20
DA:241,20
DA:245,20
DA:256,20
DA:263,20
DA:264,20
end_of_record
SF:/home/asset/zephyrproject/zephyr/include/zephyr/arch/posix/arch.h
FN:49,arch_k_cycle_get_32
FNDA:0,arch_k_cycle_get_32
DA:49,0
DA:51,0
end_of_record
SF:/home/asset/zephyrproject/zephyr/include/zephyr/kernel/thread_stack.h
FN:286,Z_KERNEL_STACK_BUFFER
FNDA:20,Z_KERNEL_STACK_BUFFER
DA:286,20
DA:288,20
end_of_record
SF:/home/asset/zephyrproject/zephyr/include/zephyr/kernel.h
FN:1805,k_cycle_get_32
FNDA:0,k_cycle_get_32
DA:1805,0
DA:1807,0
end_of_record
SF:/home/asset/zephyrproject/zephyr/include/zephyr/pm/device_runtime.h
FN:163,pm_device_runtime_auto_enable
FNDA:20,pm_device_runtime_auto_enable
DA:163,20
DA:166,20
end_of_record
SF:/home/asset/zephyrproject/zephyr/arch/posix/include/kernel_arch_func.h
FN:21,arch_kernel_init
FNDA:20,arch_kernel_init
DA:21,20
DA:24,20
end_of_record
TN:
SF:/home/asset/zephyrproject/zephyr/include/zephyr/sys/dlist.h
FN:203,sys_dlist_init
FNDA:140,sys_dlist_init
FN:220,sys_dnode_init
FNDA:140,sys_dnode_init
DA:203,140
DA:205,140
DA:206,140
DA:207,140
DA:220,140
DA:222,140
DA:223,140
DA:224,140
end_of_record
SF:/home/asset/zephyrproject/zephyr/include/zephyr/logging/log_msg.h
FN:709,z_log_msg_runtime_create
FNDA:0,z_log_msg_runtime_create
DA:709,0
DA:717,0
DA:718,0
DA:720,0
DA:721,0
end_of_record
SF:/home/asset/zephyrproject/zephyr/include/zephyr/kernel/thread_stack.h
FN:286,Z_KERNEL_STACK_BUFFER
FNDA:140,Z_KERNEL_STACK_BUFFER
DA:286,140
DA:288,140
end_of_record
SF:/home/asset/zephyrproject/build/zephyr/include/generated/syscalls/kernel.h
FN:240,k_thread_start
FNDA:40,k_thread_start
DA:240,40
DA:249,40
DA:250,40
DA:251,40
end_of_record
SF:/home/asset/zephyrproject/zephyr/kernel/include/timeout_q.h
FN:25,z_init_timeout
FNDA:140,z_init_timeout
FN:40,z_init_thread_timeout
FNDA:140,z_init_thread_timeout
FN:47,z_add_thread_timeout
FNDA:0,z_add_thread_timeout
DA:25,140
DA:27,140
DA:28,140
DA:40,140
DA:42,140
DA:43,140
DA:47,0
DA:49,0
DA:50,0
end_of_record
SF:/home/asset/zephyrproject/zephyr/kernel/include/wait_q.h
FN:47,z_waitq_init
FNDA:140,z_waitq_init
DA:47,140
DA:49,140
DA:50,140
end_of_record
SF:/home/asset/zephyrproject/zephyr/arch/posix/include/kernel_arch_func.h
FN:36,arch_is_in_isr
FNDA:40,arch_is_in_isr
DA:36,40
DA:38,40
end_of_record
SF:/home/asset/zephyrproject/zephyr/kernel/thread.c
FN:83,k_thread_foreach
FNDA:0,k_thread_foreach
FN:114,k_thread_foreach_unlocked
FNDA:0,k_thread_foreach_unlocked
FN:141,k_is_in_isr
FNDA:40,k_is_in_isr
FN:151,z_thread_essential_set
FNDA:0,z_thread_essential_set
FN:161,z_thread_essential_clear
FNDA:0,z_thread_essential_clear
FN:171,z_is_thread_essential
FNDA:0,z_is_thread_essential
FN:232,z_impl_k_thread_name_set
FNDA:80,z_impl_k_thread_name_set
FN:283,k_thread_name_get
FNDA:0,k_thread_name_get
FN:293,z_impl_k_thread_name_copy
FNDA:0,z_impl_k_thread_name_copy
FN:306,copy_bytes
FNDA:0,copy_bytes
FN:325,k_thread_state_str
FNDA:0,k_thread_state_str
FN:448,z_impl_k_thread_start
FNDA:100,z_impl_k_thread_start
FN:466,schedule_new_thread
FNDA:40,schedule_new_thread
FN:514,setup_thread_stack
FNDA:140,setup_thread_stack
FN:602,z_setup_new_thread
FNDA:140,z_setup_new_thread
FN:738,z_impl_k_thread_create
FNDA:100,z_impl_k_thread_create
FN:845,z_init_static_threads
FNDA:20,z_init_static_threads
FN:890,z_init_thread_base
FNDA:140,z_init_thread_base
FN:916,k_thread_user_mode_enter
FNDA:0,k_thread_user_mode_enter
FN:987,z_impl_k_float_disable
FNDA:0,z_impl_k_float_disable
FN:997,z_impl_k_float_enable
FNDA:0,z_impl_k_float_enable
FN:1174,k_thread_runtime_stats_get
FNDA:0,k_thread_runtime_stats_get
FN:1190,k_thread_runtime_stats_all_get
FNDA:0,k_thread_runtime_stats_all_get
DA:83,0
DA:112,0
DA:114,0
DA:139,0
DA:141,40
DA:143,40
DA:151,0
DA:153,0
DA:154,0
DA:161,0
DA:163,0
DA:164,0
DA:171,0
DA:173,0
DA:232,80
DA:251,80
DA:283,0
DA:289,0
DA:293,0
DA:302,0
DA:306,0
DA:310,0
DA:311,0
DA:313,0
DA:325,0
DA:327,0
DA:329,0
DA:344,0
DA:345,0
DA:348,0
DA:357,0
DA:358,0
DA:359,0
DA:360,0
DA:363,0
DA:364,0
DA:365,0
DA:367,0
DA:369,0
DA:370,0
DA:374,0
DA:376,0
DA:448,100
DA:452,100
DA:453,100
DA:466,40
DA:469,40
DA:470,40
DA:472,0
DA:478,40
DA:514,140
DA:519,140
DA:530,140
DA:531,140
DA:532,140
DA:547,140
DA:549,140
DA:579,140
DA:592,140
DA:594,140
DA:602,140
DA:633,140
DA:636,140
DA:637,140
DA:654,140
DA:657,140
DA:705,140
DA:706,0
DA:707,0
DA:720,140
DA:734,140
DA:738,100
DA:746,100
DA:749,100
DA:750,40
DA:753,100
DA:845,20
DA:847,20
DA:848,0
DA:860,0
DA:877,20
DA:878,20
DA:879,0
DA:881,0
DA:882,0
DA:886,20
DA:887,20
DA:890,140
DA:894,140
DA:895,140
DA:896,140
DA:898,140
DA:900,140
DA:913,140
DA:914,140
DA:916,0
DA:921,0
DA:922,0
DA:944,0
DA:987,0
DA:993,0
DA:997,0
DA:1004,0
DA:1174,0
DA:1177,0
DA:1178,0
DA:1184,0
DA:1187,0
DA:1190,0
DA:1196,0
DA:1197,0
DA:1200,0
DA:1221,0
end_of_record
SF:/home/asset/zephyrproject/zephyr/include/zephyr/syscall.h
FN:115,k_is_user_context
FNDA:0,k_is_user_context
DA:115,0
DA:120,0
end_of_record
TN:
SF:/home/asset/zephyrproject/zephyr/include/zephyr/spinlock.h
FN:132,z_spinlock_validate_pre
FNDA:3836,z_spinlock_validate_pre
FN:143,z_spinlock_validate_post
FNDA:3836,z_spinlock_validate_post
FN:182,k_spin_lock
FNDA:3836,k_spin_lock
FN:300,k_spin_unlock
FNDA:1878,k_spin_unlock
DA:132,3836
DA:141,3836
DA:143,3836
DA:152,3836
DA:182,3836
DA:191,3836
DA:193,3836
DA:211,3836
DA:213,3836
DA:300,1878
DA:331,1878
DA:332,1878
end_of_record
SF:/home/asset/zephyrproject/zephyr/arch/posix/include/kernel_arch_func.h
FN:27,arch_thread_return_value_set
FNDA:0,arch_thread_return_value_set
DA:27,0
DA:29,0
DA:30,0
end_of_record
SF:/home/asset/zephyrproject/zephyr/kernel/include/wait_q.h
FN:47,z_waitq_init
FNDA:100,z_waitq_init
DA:47,100
DA:49,100
DA:50,100
end_of_record
SF:/home/asset/zephyrproject/zephyr/include/zephyr/sys/sflist.h
FN:210,sys_sflist_init
FNDA:100,sys_sflist_init
FN:223,z_sfnode_next_peek
FNDA:1798,z_sfnode_next_peek
FN:230,z_sfnode_next_set
FNDA:1998,z_sfnode_next_set
FN:238,z_sflist_head_set
FNDA:3676,z_sflist_head_set
FN:243,z_sflist_tail_set
FNDA:3676,z_sflist_tail_set
FN:255,sys_sflist_peek_head
FNDA:9230,sys_sflist_peek_head
FN:267,sys_sflist_peek_tail
FNDA:4396,sys_sflist_peek_tail
FN:282,sys_sfnode_flags_get
FNDA:3796,sys_sfnode_flags_get
FN:300,sys_sfnode_init
FNDA:1958,sys_sfnode_init
FN:335,sys_sflist_is_empty
FNDA:1878,sys_sflist_is_empty
FN:348,sys_sflist_peek_next_no_check
FNDA:0,sys_sflist_peek_next_no_check
FN:359,sys_sflist_peek_next
FNDA:0,sys_sflist_peek_next
FN:372,sys_sflist_prepend
FNDA:1918,sys_sflist_prepend
FN:385,sys_sflist_append
FNDA:40,sys_sflist_append
FN:403,sys_sflist_append_list
FNDA:0,sys_sflist_append_list
FN:432,sys_sflist_insert
FNDA:1958,sys_sflist_insert
FN:446,sys_sflist_get_not_empty
FNDA:1758,sys_sflist_get_not_empty
FN:475,sys_sflist_remove
FNDA:0,sys_sflist_remove
FN:490,sys_sflist_find_and_remove
FNDA:0,sys_sflist_find_and_remove
DA:210,100
DA:212,100
DA:213,100
DA:214,100
DA:223,1798
DA:225,1798
DA:230,1998
DA:233,1998
DA:235,1998
DA:236,1998
DA:238,3676
DA:240,3676
DA:241,3676
DA:243,3676
DA:245,3676
DA:246,3676
DA:255,9230
DA:257,9230
DA:267,4396
DA:269,4396
DA:282,3796
DA:284,3796
DA:300,1958
DA:303,1958
DA:304,1958
DA:335,1878
DA:348,0
DA:359,0
DA:372,1918
DA:385,40
DA:403,0
DA:432,1958
DA:446,1758
DA:475,0
DA:490,0
end_of_record
SF:/home/asset/zephyrproject/zephyr/kernel/queue.c
FN:30,z_queue_node_peek
FNDA:1798,z_queue_node_peek
FN:58,z_impl_k_queue_init
FNDA:100,z_impl_k_queue_init
FN:81,prepare_thread_to_run
FNDA:0,prepare_thread_to_run
FN:87,handle_poll_events
FNDA:1958,handle_poll_events
FN:97,z_impl_k_queue_cancel_wait
FNDA:0,z_impl_k_queue_cancel_wait
FN:123,queue_insert
FNDA:1958,queue_insert
FN:178,k_queue_insert
FNDA:0,k_queue_insert
FN:187,k_queue_append
FNDA:640,k_queue_append
FN:196,k_queue_prepend
FNDA:1318,k_queue_prepend
FN:205,z_impl_k_queue_alloc_append
FNDA:0,z_impl_k_queue_alloc_append
FN:226,z_impl_k_queue_alloc_prepend
FNDA:0,z_impl_k_queue_alloc_prepend
FN:247,k_queue_append_list
FNDA:0,k_queue_append_list
FN:282,k_queue_merge_slist
FNDA:0,k_queue_merge_slist
FN:317,z_impl_k_queue_get
FNDA:1878,z_impl_k_queue_get
FN:354,k_queue_remove
FNDA:0,k_queue_remove
FN:365,k_queue_unique_append
FNDA:0,k_queue_unique_append
FN:386,z_impl_k_queue_peek_head
FNDA:40,z_impl_k_queue_peek_head
FN:395,z_impl_k_queue_peek_tail
FNDA:0,z_impl_k_queue_peek_tail
DA:30,1798
DA:34,1798
DA:42,0
DA:43,0
DA:44,0
DA:45,0
DA:52,1798
DA:55,1798
DA:58,100
DA:60,100
DA:61,100
DA:62,100
DA:64,100
DA:69,100
DA:70,100
DA:81,0
DA:83,0
DA:84,0
DA:85,0
DA:87,1958
DA:90,1958
DA:95,1958
DA:97,0
DA:101,0
DA:104,0
DA:106,0
DA:107,0
DA:110,0
DA:111,0
DA:112,0
DA:123,1958
DA:127,1958
DA:131,1958
DA:132,640
DA:134,1958
DA:136,1958
DA:139,0
DA:140,0
DA:144,0
DA:148,1958
DA:151,0
DA:152,0
DA:153,0
DA:158,0
DA:160,0
DA:161,0
DA:162,0
DA:164,1958
DA:169,1958
DA:170,1958
DA:171,1958
DA:175,1958
DA:178,0
DA:182,0
DA:185,0
DA:187,640
DA:191,640
DA:194,640
DA:196,1318
DA:200,1318
DA:203,1318
DA:205,0
DA:209,0
DA:213,0
DA:226,0
DA:230,0
DA:234,0
DA:247,0
DA:252,0
DA:255,0
DA:258,0
DA:259,0
DA:261,0
DA:262,0
DA:265,0
DA:266,0
DA:267,0
DA:268,0
DA:271,0
DA:272,0
DA:277,0
DA:278,0
DA:279,0
DA:282,0
DA:289,0
DA:292,0
DA:304,0
DA:305,0
DA:308,0
DA:310,0
DA:314,0
DA:317,1878
DA:319,1878
DA:324,1878
DA:327,1758
DA:328,1758
DA:329,1758
DA:333,1758
DA:338,120
DA:339,120
DA:343,120
DA:346,0
DA:351,0
DA:354,0
DA:358,0
DA:362,0
DA:365,0
DA:371,0
DA:372,0
DA:375,0
DA:379,0
DA:383,0
DA:386,40
DA:388,40
DA:392,40
DA:395,0
DA:397,0
DA:401,0
end_of_record
SF:/home/asset/zephyrproject/zephyr/kernel/include/kernel_internal.h
FN:108,z_thread_malloc
FNDA:0,z_thread_malloc
FN:140,z_thread_return_value_set_with_data
FNDA:0,z_thread_return_value_set_with_data
DA:108,0
DA:110,0
DA:140,0
DA:144,0
DA:145,0
DA:146,0
end_of_record
SF:/home/asset/zephyrproject/zephyr/include/zephyr/arch/posix/arch.h
FN:71,arch_irq_lock
FNDA:3836,arch_irq_lock
FN:77,arch_irq_unlock
FNDA:1878,arch_irq_unlock
DA:71,3836
DA:73,3836
DA:77,1878
DA:79,1878
DA:80,1878
end_of_record
SF:/home/asset/zephyrproject/zephyr/include/zephyr/sys/dlist.h
FN:203,sys_dlist_init
FNDA:200,sys_dlist_init
DA:203,200
DA:205,200
DA:206,200
DA:207,200
end_of_record
SF:/home/asset/zephyrproject/zephyr/include/zephyr/sys/internal/kobject_internal.h
FN:92,k_object_init
FNDA:100,k_object_init
DA:92,100
DA:95,100
end_of_record
SF:/home/asset/zephyrproject/zephyr/include/zephyr/sys/slist.h
FN:199,sys_slist_init
FNDA:0,sys_slist_init
FN:238,sys_slist_peek_head
FNDA:0,sys_slist_peek_head
FN:268,sys_slist_is_empty
FNDA:0,sys_slist_is_empty
DA:199,0
DA:201,0
DA:202,0
DA:203,0
DA:238,0
DA:240,0
DA:268,0
end_of_record
TN:
SF:/home/asset/zephyrproject/zephyr/kernel/include/timeout_q.h
FN:25,z_init_timeout
FNDA:120,z_init_timeout
DA:25,120
DA:27,120
DA:28,120
end_of_record
SF:/home/asset/zephyrproject/zephyr/kernel/include/wait_q.h
FN:47,z_waitq_init
FNDA:120,z_waitq_init
DA:47,120
DA:49,120
DA:50,120
end_of_record
SF:/home/asset/zephyrproject/zephyr/include/zephyr/spinlock.h
FN:132,z_spinlock_validate_pre
FNDA:644,z_spinlock_validate_pre
FN:143,z_spinlock_validate_post
FNDA:644,z_spinlock_validate_post
FN:182,k_spin_lock
FNDA:644,k_spin_lock
FN:300,k_spin_unlock
FNDA:524,k_spin_unlock
DA:132,644
DA:141,644
DA:143,644
DA:152,644
DA:182,644
DA:191,644
DA:193,644
DA:211,644
DA:213,644
DA:300,524
DA:331,524
DA:332,524
end_of_record
SF:/home/asset/zephyrproject/zephyr/kernel/work.c
FN:21,flag_clear
FNDA:620,flag_clear
FN:27,flag_set
FNDA:400,flag_set
FN:33,flag_test
FNDA:1520,flag_test
FN:39,flag_test_and_clear
FNDA:260,flag_test_and_clear
FN:49,flags_set
FNDA:60,flags_set
FN:55,flags_get
FNDA:104,flags_get
FN:66,handle_flush
FNDA:0,handle_flush
FN:68,init_flusher
FNDA:0,init_flusher
FN:87,init_work_cancel
FNDA:0,init_work_cancel
FN:105,finalize_flush_locked
FNDA:0,finalize_flush_locked
FN:125,finalize_cancel_locked
FNDA:0,finalize_cancel_locked
FN:150,k_work_init
FNDA:20,k_work_init
FN:161,work_busy_get_locked
FNDA:100,work_busy_get_locked
FN:166,k_work_busy_get
FNDA:0,k_work_busy_get
FN:187,queue_flusher_locked
FNDA:0,queue_flusher_locked
FN:218,queue_remove_locked
FNDA:60,queue_remove_locked
FN:237,notify_queue_locked
FNDA:120,notify_queue_locked
FN:267,queue_submit_locked
FNDA:120,queue_submit_locked
FN:327,submit_to_queue_locked
FNDA:180,submit_to_queue_locked
FN:385,z_work_submit_to_queue
FNDA:160,z_work_submit_to_queue
FN:400,k_work_submit_to_queue
FNDA:160,k_work_submit_to_queue
FN:421,k_work_submit
FNDA:0,k_work_submit
FN:447,work_flush_locked
FNDA:0,work_flush_locked
FN:465,k_work_flush
FNDA:0,k_work_flush
FN:508,cancel_async_locked
FNDA:60,cancel_async_locked
FN:544,cancel_sync_locked
FNDA:0,cancel_sync_locked
FN:560,k_work_cancel
FNDA:0,k_work_cancel
FN:577,k_work_cancel_sync
FNDA:0,k_work_cancel_sync
FN:616,work_queue_main
FNDA:60,work_queue_main
FN:718,k_work_queue_init
FNDA:40,k_work_queue_init
FN:729,k_work_queue_start
FNDA:60,k_work_queue_start
FN:769,k_work_queue_drain
FNDA:0,k_work_queue_drain
FN:801,k_work_queue_unplug
FNDA:0,k_work_queue_unplug
FN:829,work_timeout
FNDA:20,work_timeout
FN:852,k_work_init_delayable
FNDA:120,k_work_init_delayable
FN:869,work_delayable_busy_get_locked
FNDA:4,work_delayable_busy_get_locked
FN:874,k_work_delayable_busy_get
FNDA:0,k_work_delayable_busy_get
FN:906,schedule_for_queue_locked
FNDA:40,schedule_for_queue_locked
FN:938,unschedule_locked
FNDA:60,unschedule_locked
FN:966,cancel_delayable_async_locked
FNDA:60,cancel_delayable_async_locked
FN:973,k_work_schedule_for_queue
FNDA:40,k_work_schedule_for_queue
FN:997,k_work_schedule
FNDA:20,k_work_schedule
FN:1009,k_work_reschedule_for_queue
FNDA:0,k_work_reschedule_for_queue
FN:1033,k_work_reschedule
FNDA:0,k_work_reschedule
FN:1045,k_work_cancel_delayable
FNDA:60,k_work_cancel_delayable
FN:1061,k_work_cancel_delayable_sync
FNDA:4,k_work_cancel_delayable_sync
FN:1093,k_work_flush_delayable
FNDA:0,k_work_flush_delayable
DA:21,620
DA:24,620
DA:25,620
DA:27,400
DA:30,400
DA:31,400
DA:33,1520
DA:36,1520
DA:39,260
DA:42,260
DA:44,260
DA:46,260
DA:49,60
DA:52,60
DA:53,60
DA:55,104
DA:57,104
DA:66,0
DA:68,0
DA:70,0
DA:71,0
DA:72,0
DA:73,0
DA:74,0
DA:87,0
DA:90,0
DA:91,0
DA:92,0
DA:93,0
DA:105,0
DA:107,0
DA:110,0
DA:112,0
DA:113,0
DA:125,0
DA:128,0
DA:133,0
DA:140,0
DA:141,0
DA:142,0
DA:143,0
DA:145,0
DA:148,0
DA:150,20
DA:156,20
DA:159,20
DA:161,100
DA:163,100
DA:166,0
DA:168,0
DA:169,0
DA:171,0
DA:173,0
DA:187,0
DA:191,0
DA:195,0
DA:196,0
DA:197,0
DA:198,0
DA:202,0
DA:203,0
DA:204,0
DA:207,0
DA:209,0
DA:218,60
DA:221,60
DA:222,0
DA:224,60
DA:237,120
DA:239,120
DA:241,120
DA:242,120
DA:245,120
DA:267,120
DA:270,120
DA:271,0
DA:274,120
DA:275,120
DA:276,120
DA:277,120
DA:286,120
DA:287,0
DA:288,120
DA:289,0
DA:290,120
DA:291,0
DA:293,120
DA:294,120
DA:295,120
DA:298,120
DA:327,180
DA:330,180
DA:332,180
DA:334,0
DA:335,180
DA:337,120
DA:341,120
DA:342,0
DA:349,120
DA:351,60
DA:352,60
DA:355,120
DA:357,120
DA:358,0
DA:360,120
DA:361,120
DA:367,180
DA:368,60
DA:371,180
DA:385,160
DA:391,160
DA:393,160
DA:395,160
DA:397,160
DA:400,160
DA:405,160
DA:412,160
DA:413,100
DA:418,160
DA:421,0
DA:425,0
DA:429,0
DA:447,0
DA:450,0
DA:451,0
DA:453,0
DA:454,0
DA:458,0
DA:459,0
DA:462,0
DA:465,0
DA:478,0
DA:479,0
DA:481,0
DA:483,0
DA:486,0
DA:489,0
DA:494,0
DA:508,60
DA:511,60
DA:513,60
DA:519,60
DA:521,60
DA:522,0
DA:523,0
DA:526,60
DA:544,0
DA:547,0
DA:553,0
DA:554,0
DA:557,0
DA:560,0
DA:567,0
DA:568,0
DA:570,0
DA:574,0
DA:577,0
DA:590,0
DA:591,0
DA:592,0
DA:593,0
DA:595,0
DA:596,0
DA:597,0
DA:600,0
DA:602,0
DA:605,0
DA:609,0
DA:616,60
DA:621,60
DA:623,180
DA:625,240
DA:626,240
DA:627,240
DA:631,240
DA:632,240
DA:636,120
DA:637,120
DA:638,120
DA:639,120
DA:653,120
DA:654,120
DA:665,0
DA:673,240
DA:680,120
DA:681,120
DA:682,60
DA:685,120
DA:688,120
DA:695,120
DA:697,120
DA:698,120
DA:699,0
DA:701,120
DA:702,0
DA:705,120
DA:706,120
DA:707,120
DA:712,120
DA:713,120
DA:718,40
DA:722,40
DA:727,40
DA:729,60
DA:738,60
DA:742,60
DA:743,60
DA:744,60
DA:746,60
DA:747,0
DA:754,60
DA:756,60
DA:758,60
DA:760,60
DA:761,40
DA:764,60
DA:767,60
DA:769,0
DA:777,0
DA:778,0
DA:780,0
DA:781,0
DA:782,0
DA:783,0
DA:784,0
DA:785,0
DA:786,0
DA:789,0
DA:790,0
DA:791,0
DA:793,0
DA:798,0
DA:801,0
DA:807,0
DA:808,0
DA:810,0
DA:811,0
DA:814,0
DA:818,0
DA:829,20
DA:831,20
DA:833,20
DA:834,20
DA:835,20
DA:844,20
DA:845,20
DA:846,20
DA:849,20
DA:850,20
DA:852,120
DA:858,120
DA:864,120
DA:867,120
DA:869,4
DA:871,4
DA:874,0
DA:876,0
DA:877,0
DA:879,0
DA:880,0
DA:906,40
DA:910,40
DA:911,40
DA:913,40
DA:914,0
DA:917,40
DA:918,40
DA:921,40
DA:923,40
DA:938,60
DA:940,60
DA:941,60
DA:948,60
DA:949,0
DA:952,60
DA:966,60
DA:968,60
DA:970,60
DA:973,40
DA:981,40
DA:982,40
DA:983,40
DA:986,40
DA:987,40
DA:990,40
DA:994,40
DA:997,20
DA:1002,20
DA:1006,20
DA:1009,0
DA:1017,0
DA:1018,0
DA:1021,0
DA:1024,0
DA:1026,0
DA:1030,0
DA:1033,0
DA:1038,0
DA:1042,0
DA:1045,60
DA:1051,60
DA:1052,60
DA:1054,60
DA:1058,60
DA:1061,4
DA:1073,4
DA:1074,4
DA:1075,4
DA:1076,4
DA:1078,4
DA:1079,0
DA:1080,0
DA:1083,4
DA:1085,4
DA:1086,0
DA:1090,4
DA:1093,0
DA:1105,0
DA:1106,0
DA:1107,0
DA:1110,0
DA:1111,0
DA:1115,0
DA:1121,0
DA:1122,0
DA:1124,0
DA:1128,0
DA:1130,0
DA:1133,0
DA:1134,0
DA:1139,0
end_of_record
SF:/home/asset/zephyrproject/zephyr/include/zephyr/arch/posix/arch.h
FN:71,arch_irq_lock
FNDA:744,arch_irq_lock
FN:77,arch_irq_unlock
FNDA:524,arch_irq_unlock
DA:71,744
DA:73,744
DA:77,524
DA:79,524
DA:80,524
end_of_record
SF:/home/asset/zephyrproject/zephyr/kernel/include/ksched.h
FN:75,z_reschedule_unlocked
FNDA:100,z_reschedule_unlocked
FN:335,z_sched_wake_all
FNDA:0,z_sched_wake_all
DA:75,100
DA:77,100
DA:78,100
DA:335,0
DA:338,0
DA:340,0
DA:341,0
DA:345,0
end_of_record
SF:/home/asset/zephyrproject/build/zephyr/include/generated/syscalls/kernel.h
FN:59,k_thread_create
FNDA:60,k_thread_create
FN:175,k_yield
FNDA:120,k_yield
FN:240,k_thread_start
FNDA:60,k_thread_start
FN:426,k_thread_name_set
FNDA:40,k_thread_name_set
FN:1075,k_sem_init
FNDA:0,k_sem_init
FN:1093,k_sem_take
FNDA:0,k_sem_take
FN:1110,k_sem_give
FNDA:0,k_sem_give
DA:59,60
DA:84,60
DA:85,60
DA:175,120
DA:183,120
DA:184,120
DA:185,120
DA:240,60
DA:249,60
DA:250,60
DA:251,60
DA:426,40
DA:435,40
DA:436,40
DA:1075,0
DA:1085,0
DA:1086,0
DA:1093,0
DA:1102,0
DA:1103,0
DA:1110,0
DA:1119,0
DA:1120,0
DA:1121,0
end_of_record
SF:/home/asset/zephyrproject/zephyr/include/zephyr/sys/slist.h
FN:199,sys_slist_init
FNDA:60,sys_slist_init
FN:211,z_snode_next_peek
FNDA:120,z_snode_next_peek
FN:216,z_snode_next_set
FNDA:120,z_snode_next_set
FN:221,z_slist_head_set
FNDA:240,z_slist_head_set
FN:226,z_slist_tail_set
FNDA:240,z_slist_tail_set
FN:238,sys_slist_peek_head
FNDA:480,sys_slist_peek_head
FN:250,sys_slist_peek_tail
FNDA:240,sys_slist_peek_tail
FN:268,sys_slist_is_empty
FNDA:240,sys_slist_is_empty
FN:281,sys_slist_peek_next_no_check
FNDA:0,sys_slist_peek_next_no_check
FN:292,sys_slist_peek_next
FNDA:0,sys_slist_peek_next
FN:305,sys_slist_prepend
FNDA:0,sys_slist_prepend
FN:318,sys_slist_append
FNDA:120,sys_slist_append
FN:365,sys_slist_insert
FNDA:0,sys_slist_insert
FN:379,sys_slist_get_not_empty
FNDA:120,sys_slist_get_not_empty
FN:392,sys_slist_get
FNDA:240,sys_slist_get
FN:408,sys_slist_remove
FNDA:0,sys_slist_remove
FN:435,sys_slist_find_and_remove
FNDA:0,sys_slist_find_and_remove
DA:199,60
DA:201,60
DA:202,60
DA:203,60
DA:211,120
DA:213,120
DA:216,120
DA:218,120
DA:219,120
DA:221,240
DA:223,240
DA:224,240
DA:226,240
DA:228,240
DA:229,240
DA:238,480
DA:240,480
DA:250,240
DA:252,240
DA:268,240
DA:281,0
DA:292,0
DA:305,0
DA:318,120
DA:365,0
DA:379,120
DA:392,240
DA:408,0
DA:435,0
end_of_record
SF:/home/asset/zephyrproject/zephyr/include/zephyr/sys/dlist.h
FN:203,sys_dlist_init
FNDA:120,sys_dlist_init
FN:220,sys_dnode_init
FNDA:120,sys_dnode_init
DA:203,120
DA:205,120
DA:206,120
DA:207,120
DA:220,120
DA:222,120
DA:223,120
DA:224,120
end_of_record
TN:
SF:/home/asset/zephyrproject/zephyr/kernel/include/timeout_q.h
FN:35,z_is_inactive_timeout
FNDA:0,z_is_inactive_timeout
DA:35,0
DA:37,0
end_of_record
SF:/home/asset/zephyrproject/zephyr/include/zephyr/spinlock.h
FN:132,z_spinlock_validate_pre
FNDA:10956,z_spinlock_validate_pre
FN:143,z_spinlock_validate_post
FNDA:10956,z_spinlock_validate_post
FN:182,k_spin_lock
FNDA:10956,k_spin_lock
FN:300,k_spin_unlock
FNDA:10956,k_spin_unlock
DA:132,10956
DA:141,10956
DA:143,10956
DA:152,10956
DA:182,10956
DA:191,10956
DA:193,10956
DA:211,10956
DA:213,10956
DA:300,10956
DA:331,10956
DA:332,10956
end_of_record
SF:/home/asset/zephyrproject/zephyr/include/zephyr/sys/dlist.h
FN:220,sys_dnode_init
FNDA:1560,sys_dnode_init
FN:234,sys_dnode_is_linked
FNDA:5140,sys_dnode_is_linked
FN:275,sys_dlist_is_empty
FNDA:7280,sys_dlist_is_empty
FN:303,sys_dlist_peek_head
FNDA:7280,sys_dlist_peek_head
FN:334,sys_dlist_peek_next_no_check
FNDA:3300,sys_dlist_peek_next_no_check
FN:350,sys_dlist_peek_next
FNDA:3300,sys_dlist_peek_next
FN:413,sys_dlist_append
FNDA:1120,sys_dlist_append
FN:452,sys_dlist_insert
FNDA:500,sys_dlist_insert
FN:505,sys_dlist_remove
FNDA:1560,sys_dlist_remove
DA:220,1560
DA:222,1560
DA:223,1560
DA:224,1560
DA:234,5140
DA:236,5140
DA:275,7280
DA:277,7280
DA:303,7280
DA:305,7280
DA:334,3300
DA:337,3300
DA:350,3300
DA:353,3300
DA:413,1120
DA:415,1120
DA:417,1120
DA:418,1120
DA:420,1120
DA:421,1120
DA:422,1120
DA:452,500
DA:454,500
DA:456,500
DA:457,500
DA:458,500
DA:459,500
DA:460,500
DA:505,1560
DA:507,1560
DA:508,1560
DA:510,1560
DA:511,1560
DA:512,1560
DA:513,1560
end_of_record
SF:/home/asset/zephyrproject/zephyr/include/zephyr/arch/posix/arch.h
FN:71,arch_irq_lock
FNDA:10956,arch_irq_lock
FN:77,arch_irq_unlock
FNDA:10956,arch_irq_unlock
DA:71,10956
DA:73,10956
DA:77,10956
DA:79,10956
DA:80,10956
end_of_record
SF:/home/asset/zephyrproject/zephyr/kernel/timeout.c
FN:39,first
FNDA:7280,first
FN:46,next
FNDA:3300,next
FN:53,remove_timeout
FNDA:1560,remove_timeout
FN:62,elapsed
FNDA:5816,elapsed
FN:83,next_timeout
FNDA:2020,next_timeout
FN:99,z_add_timeout
FNDA:1620,z_add_timeout
FN:144,z_abort_timeout
FNDA:5140,z_abort_timeout
FN:159,timeout_rem
FNDA:0,timeout_rem
FN:177,z_timeout_remaining
FNDA:0,z_timeout_remaining
FN:188,z_timeout_expires
FNDA:0,z_timeout_expires
FN:199,z_get_next_timeout_expiry
FNDA:0,z_get_next_timeout_expiry
FN:209,sys_clock_announce
FNDA:1000,sys_clock_announce
FN:260,sys_clock_tick_get
FNDA:2176,sys_clock_tick_get
FN:270,sys_clock_tick_get_32
FNDA:2040,sys_clock_tick_get_32
FN:279,z_impl_k_uptime_ticks
FNDA:20,z_impl_k_uptime_ticks
FN:292,sys_timepoint_calc
FNDA:1318,sys_timepoint_calc
FN:313,sys_timepoint_timeout
FNDA:1318,sys_timepoint_timeout
DA:39,7280
DA:41,7280
DA:43,7280
DA:46,3300
DA:48,3300
DA:50,3300
DA:53,1560
DA:55,1560
DA:56,1020
DA:59,1560
DA:60,1560
DA:62,5816
DA:80,5816
DA:83,2020
DA:85,2020
DA:86,2020
DA:89,2020
DA:90,2020
DA:91,0
DA:93,2020
DA:96,2020
DA:99,1620
DA:102,1620
DA:103,0
DA:111,1620
DA:113,3240
DA:116,1620
DA:117,1620
DA:118,0
DA:120,0
DA:122,1620
DA:125,2340
DA:126,1220
DA:127,500
DA:128,500
DA:129,500
DA:131,720
DA:134,1620
DA:135,1120
DA:138,1620
DA:139,1020
DA:144,5140
DA:146,5140
DA:148,10280
DA:149,5140
DA:150,540
DA:151,540
DA:155,5140
DA:159,0
DA:161,0
DA:163,0
DA:164,0
DA:167,0
DA:168,0
DA:169,0
DA:170,0
DA:174,0
DA:177,0
DA:179,0
DA:181,0
DA:182,0
DA:185,0
DA:188,0
DA:190,0
DA:192,0
DA:193,0
DA:196,0
DA:199,0
DA:201,0
DA:203,0
DA:204,0
DA:206,0
DA:209,1000
DA:211,1000
DA:225,1000
DA:229,1000
DA:230,2020
DA:231,1020
DA:232,1020
DA:234,1020
DA:235,1020
DA:236,1020
DA:238,1020
DA:239,1020
DA:240,1020
DA:241,1020
DA:244,1000
DA:245,1000
DA:248,1000
DA:249,1000
DA:251,1000
DA:253,1000
DA:256,1000
DA:260,2176
DA:262,2176
DA:264,4352
DA:265,2176
DA:267,2176
DA:270,2040
DA:273,2040
DA:279,20
DA:281,20
DA:292,1318
DA:296,1318
DA:297,1260
DA:298,58
DA:299,0
DA:301,58
DA:303,58
DA:304,0
DA:306,58
DA:310,1318
DA:313,1318
DA:317,1318
DA:318,1260
DA:320,58
DA:321,0
DA:324,58
DA:325,58
DA:326,58
end_of_record
TN:
SF:/home/asset/zephyrproject/zephyr/kernel/system_work_q.c
FN:22,k_sys_work_q_init
FNDA:20,k_sys_work_q_init
DA:22,20
DA:24,20
DA:29,20
DA:33,20
end_of_record
TN:
SF:/home/asset/zephyrproject/zephyr/include/zephyr/sys/sflist.h
FN:255,sys_sflist_peek_head
FNDA:680,sys_sflist_peek_head
FN:335,sys_sflist_is_empty
FNDA:680,sys_sflist_is_empty
DA:255,680
DA:257,680
DA:335,680
end_of_record
SF:/home/asset/zephyrproject/zephyr/kernel/include/timeout_q.h
FN:25,z_init_timeout
FNDA:0,z_init_timeout
FN:35,z_is_inactive_timeout
FNDA:580,z_is_inactive_timeout
DA:25,0
DA:27,0
DA:28,0
DA:35,580
DA:37,580
end_of_record
SF:/home/asset/zephyrproject/zephyr/arch/posix/include/kernel_arch_func.h
FN:27,arch_thread_return_value_set
FNDA:580,arch_thread_return_value_set
DA:27,580
DA:29,580
DA:30,580
end_of_record
SF:/home/asset/zephyrproject/zephyr/include/zephyr/spinlock.h
FN:132,z_spinlock_validate_pre
FNDA:6238,z_spinlock_validate_pre
FN:143,z_spinlock_validate_post
FNDA:6238,z_spinlock_validate_post
FN:182,k_spin_lock
FNDA:6238,k_spin_lock
FN:300,k_spin_unlock
FNDA:5618,k_spin_unlock
DA:132,6238
DA:141,6238
DA:143,6238
DA:152,6238
DA:182,6238
DA:191,6238
DA:193,6238
DA:211,6238
DA:213,6238
DA:300,5618
DA:331,5618
DA:332,5618
end_of_record
SF:/home/asset/zephyrproject/zephyr/include/zephyr/kernel.h
FN:2076,z_impl_k_queue_is_empty
FNDA:680,z_impl_k_queue_is_empty
FN:3214,z_impl_k_sem_count_get
FNDA:0,z_impl_k_sem_count_get
DA:2076,680
DA:2078,680
DA:3214,0
DA:3216,0
end_of_record
SF:/home/asset/zephyrproject/build/zephyr/include/generated/syscalls/kernel.h
FN:701,k_queue_is_empty
FNDA:680,k_queue_is_empty
FN:1144,k_sem_count_get
FNDA:0,k_sem_count_get
DA:701,680
DA:709,680
DA:710,680
DA:1144,0
DA:1152,0
DA:1153,0
end_of_record
SF:/home/asset/zephyrproject/zephyr/include/zephyr/sys/dlist.h
FN:203,sys_dlist_init
FNDA:600,sys_dlist_init
FN:220,sys_dnode_init
FNDA:1220,sys_dnode_init
FN:234,sys_dnode_is_linked
FNDA:1800,sys_dnode_is_linked
FN:275,sys_dlist_is_empty
FNDA:3838,sys_dlist_is_empty
FN:303,sys_dlist_peek_head
FNDA:0,sys_dlist_peek_head
FN:334,sys_dlist_peek_next_no_check
FNDA:0,sys_dlist_peek_next_no_check
FN:350,sys_dlist_peek_next
FNDA:0,sys_dlist_peek_next
FN:399,sys_dlist_peek_tail
FNDA:1280,sys_dlist_peek_tail
FN:413,sys_dlist_append
FNDA:1280,sys_dlist_append
FN:452,sys_dlist_insert
FNDA:0,sys_dlist_insert
FN:505,sys_dlist_remove
FNDA:1220,sys_dlist_remove
FN:525,sys_dlist_get
FNDA:2558,sys_dlist_get
DA:203,600
DA:205,600
DA:206,600
DA:207,600
DA:220,1220
DA:222,1220
DA:223,1220
DA:224,1220
DA:234,1800
DA:236,1800
DA:275,3838
DA:277,3838
DA:303,0
DA:305,0
DA:334,0
DA:337,0
DA:350,0
DA:353,0
DA:399,1280
DA:401,1280
DA:413,1280
DA:415,1280
DA:417,1280
DA:418,1280
DA:420,1280
DA:421,1280
DA:422,1280
DA:452,0
DA:454,0
DA:456,0
DA:457,0
DA:458,0
DA:459,0
DA:460,0
DA:505,1220
DA:507,1220
DA:508,1220
DA:510,1220
DA:511,1220
DA:512,1220
DA:513,1220
DA:525,2558
DA:527,2558
DA:529,2558
DA:530,600
DA:531,600
DA:534,2558
end_of_record
SF:/home/asset/zephyrproject/zephyr/include/zephyr/sys/internal/kobject_internal.h
FN:92,k_object_init
FNDA:600,k_object_init
DA:92,600
DA:95,600
end_of_record
SF:/home/asset/zephyrproject/zephyr/include/zephyr/arch/posix/arch.h
FN:71,arch_irq_lock
FNDA:6238,arch_irq_lock
FN:77,arch_irq_unlock
FNDA:5618,arch_irq_unlock
DA:71,6238
DA:73,6238
DA:77,5618
DA:79,5618
DA:80,5618
end_of_record
SF:/home/asset/zephyrproject/zephyr/kernel/poll.c
FN:43,k_poll_event_init
FNDA:680,k_poll_event_init
FN:63,is_condition_met
FNDA:1280,is_condition_met
FN:107,poller_thread
FNDA:600,poller_thread
FN:112,add_event
FNDA:1280,add_event
FN:137,register_event
FNDA:1280,register_event
FN:175,clear_event_registration
FNDA:1220,clear_event_registration
FN:217,clear_event_registrations
FNDA:580,clear_event_registrations
FN:228,set_event_ready
FNDA:600,set_event_ready
FN:234,register_events
FNDA:600,register_events
FN:265,signal_poller
FNDA:600,signal_poller
FN:288,z_impl_k_poll
FNDA:600,z_impl_k_poll
FN:441,signal_poll_event
FNDA:600,signal_poll_event
FN:467,z_handle_obj_poll_events
FNDA:2538,z_handle_obj_poll_events
FN:480,z_impl_k_poll_signal_init
FNDA:600,z_impl_k_poll_signal_init
FN:499,z_impl_k_poll_signal_reset
FNDA:0,z_impl_k_poll_signal_reset
FN:506,z_impl_k_poll_signal_check
FNDA:0,z_impl_k_poll_signal_check
FN:527,z_impl_k_poll_signal_raise
FNDA:20,z_impl_k_poll_signal_raise
FN:570,triggered_work_handler
FNDA:0,triggered_work_handler
FN:593,triggered_work_expiration_handler
FNDA:0,triggered_work_expiration_handler
FN:606,signal_triggered_work
FNDA:0,signal_triggered_work
FN:623,triggered_work_cancel
FNDA:0,triggered_work_cancel
FN:653,k_work_poll_init
FNDA:0,k_work_poll_init
FN:666,k_work_poll_submit_to_queue
FNDA:0,k_work_poll_submit_to_queue
FN:779,k_work_poll_submit
FNDA:0,k_work_poll_submit
FN:794,k_work_poll_cancel
FNDA:0,k_work_poll_cancel
DA:43,680
DA:51,680
DA:53,680
DA:54,680
DA:55,680
DA:56,680
DA:57,680
DA:60,680
DA:63,1280
DA:65,1280
DA:66,0
DA:67,0
DA:68,0
DA:69,0
DA:71,0
DA:72,680
DA:73,680
DA:74,0
DA:75,0
DA:77,680
DA:78,600
DA:79,600
DA:80,0
DA:81,0
DA:83,600
DA:84,0
DA:85,0
DA:86,0
DA:87,0
DA:89,0
DA:97,0
DA:98,0
DA:99,0
DA:101,0
DA:104,1280
DA:107,600
DA:109,600
DA:112,1280
DA:117,1280
DA:118,1280
DA:119,0
DA:121,1280
DA:122,1280
DA:125,0
DA:126,0
DA:128,0
DA:129,0
DA:133,0
DA:137,1280
DA:140,1280
DA:141,0
DA:143,0
DA:144,0
DA:145,680
DA:147,680
DA:148,680
DA:149,600
DA:151,600
DA:152,600
DA:153,0
DA:155,0
DA:156,0
DA:163,0
DA:165,0
DA:166,0
DA:168,0
DA:171,1280
DA:172,1280
DA:175,1220
DA:177,1220
DA:179,1220
DA:181,1220
DA:182,0
DA:184,0
DA:185,0
DA:186,640
DA:188,640
DA:189,640
DA:190,580
DA:192,580
DA:193,580
DA:194,0
DA:196,0
DA:197,0
DA:204,0
DA:206,0
DA:207,0
DA:209,0
DA:211,1220
DA:212,620
DA:214,1220
DA:217,580
DA:221,1800
DA:222,1220
DA:223,1220
DA:224,1220
DA:226,580
DA:228,600
DA:230,600
DA:231,600
DA:232,600
DA:234,600
DA:239,600
DA:241,1880
DA:245,1280
DA:246,1280
DA:247,0
DA:248,0
DA:249,1280
DA:250,1280
DA:251,1280
DA:259,1280
DA:262,600
DA:265,600
DA:267,600
DA:271,600
DA:272,20
DA:275,580
DA:276,580
DA:279,580
DA:280,0
DA:283,580
DA:285,580
DA:288,600
DA:293,600
DA:295,600
DA:296,600
DA:304,600
DA:305,600
DA:307,600
DA:314,600
DA:315,0
DA:316,0
DA:320,0
DA:323,600
DA:325,600
DA:326,0
DA:330,0
DA:335,600
DA:346,580
DA:347,580
DA:348,580
DA:352,580
DA:441,600
DA:443,600
DA:444,600
DA:446,600
DA:447,600
DA:448,600
DA:449,0
DA:450,0
DA:456,600
DA:458,600
DA:459,0
DA:463,600
DA:464,600
DA:467,2538
DA:470,2538
DA:472,2538
DA:473,2538
DA:474,580
DA:477,2538
DA:478,2538
DA:480,600
DA:482,600
DA:483,600
DA:485,600
DA:488,600
DA:499,0
DA:501,0
DA:504,0
DA:506,0
DA:509,0
DA:510,0
DA:513,0
DA:527,20
DA:529,20
DA:532,20
DA:533,20
DA:535,20
DA:536,20
DA:537,0
DA:541,0
DA:544,20
DA:548,20
DA:549,20
DA:570,0
DA:572,0
DA:579,0
DA:582,0
DA:583,0
DA:585,0
DA:589,0
DA:590,0
DA:591,0
DA:593,0
DA:595,0
DA:598,0
DA:599,0
DA:600,0
DA:601,0
DA:606,0
DA:608,0
DA:609,0
DA:612,0
DA:613,0
DA:615,0
DA:616,0
DA:617,0
DA:620,0
DA:623,0
DA:627,0
DA:629,0
DA:635,0
DA:638,0
DA:639,0
DA:640,0
DA:650,0
DA:653,0
DA:658,0
DA:659,0
DA:660,0
DA:661,0
DA:664,0
DA:666,0
DA:683,0
DA:684,0
DA:685,0
DA:688,0
DA:689,0
DA:690,0
DA:695,0
DA:698,0
DA:703,0
DA:708,0
DA:709,0
DA:710,0
DA:711,0
DA:714,0
DA:715,0
DA:718,0
DA:721,0
DA:724,0
DA:725,0
DA:734,0
DA:735,0
DA:741,0
DA:742,0
DA:746,0
DA:760,0
DA:761,0
DA:762,0
DA:764,0
DA:768,0
DA:769,0
DA:772,0
DA:776,0
DA:779,0
DA:786,0
DA:791,0
DA:794,0
DA:802,0
DA:805,0
DA:808,0
DA:809,0
DA:810,0
DA:814,0
end_of_record
SF:/home/asset/zephyrproject/zephyr/kernel/include/ksched.h
FN:103,z_is_thread_pending
FNDA:600,z_is_thread_pending
FN:108,z_is_thread_prevented_from_running
FNDA:580,z_is_thread_prevented_from_running
FN:117,z_is_thread_timeout_active
FNDA:580,z_is_thread_timeout_active
FN:122,z_is_thread_ready
FNDA:580,z_is_thread_ready
DA:103,600
DA:105,600
DA:108,580
DA:110,580
DA:112,580
DA:113,580
DA:117,580
DA:119,580
DA:122,580
DA:124,1160
DA:125,580
end_of_record
TN:
SF:/home/asset/zephyrproject/zephyr/kernel/device.c
FN:21,z_device_state_init
FNDA:20,z_device_state_init
FN:28,z_impl_device_get_binding
FNDA:0,z_impl_device_get_binding
FN:80,z_device_get_all_static
FNDA:0,z_device_get_all_static
FN:90,z_device_is_ready
FNDA:40,z_device_is_ready
DA:21,20
DA:23,40
DA:24,20
DA:26,20
DA:28,0
DA:33,0
DA:34,0
DA:42,0
DA:43,0
DA:44,0
DA:48,0
DA:49,0
DA:50,0
DA:54,0
DA:80,0
DA:84,0
DA:85,0
DA:87,0
DA:90,40
DA:96,40
DA:97,0
DA:100,40
end_of_record
SF:/home/asset/zephyrproject/zephyr/include/zephyr/sys/internal/kobject_internal.h
FN:92,k_object_init
FNDA:20,k_object_init
DA:92,20
DA:95,20
end_of_record
TN:
SF:/home/asset/zephyrproject/zephyr/kernel/banner.c
FN:27,boot_banner
FNDA:20,boot_banner
DA:27,20
DA:35,20
DA:37,20
end_of_record
TN:
SF:/home/asset/zephyrproject/zephyr/kernel/mempool.c
FN:12,z_heap_aligned_alloc
FNDA:0,z_heap_aligned_alloc
FN:43,k_free
FNDA:0,k_free
FN:124,z_thread_aligned_alloc
FNDA:0,z_thread_aligned_alloc
DA:12,0
DA:24,0
DA:25,0
DA:27,0
DA:29,0
DA:30,0
DA:31,0
DA:34,0
DA:35,0
DA:36,0
DA:40,0
DA:43,0
DA:47,0
DA:48,0
DA:49,0
DA:53,0
DA:57,0
DA:124,0
DA:129,0
DA:130,0
DA:132,0
DA:135,0
DA:136,0
DA:138,0
DA:141,0
end_of_record
SF:/home/asset/zephyrproject/zephyr/include/zephyr/sys/math_extras_impl.h
FN:47,size_add_overflow
FNDA:0,size_add_overflow
DA:47,0
DA:49,0
end_of_record
TN:
SF:/home/asset/zephyrproject/zephyr/kernel/mutex.c
[...]
FN:127,atomic_test_bit
FNDA:0,atomic_test_bit
FN:147,atomic_test_and_clear_bit
FNDA:0,atomic_test_and_clear_bit
FN:191,atomic_clear_bit
FNDA:0,atomic_clear_bit
FN:209,atomic_set_bit
FNDA:0,atomic_set_bit
FN:228,atomic_set_bit_to
FNDA:0,atomic_set_bit_to
DA:127,0
DA:129,0
DA:131,0
DA:147,0
DA:149,0
DA:152,0
DA:154,0
DA:191,0
DA:193,0
DA:195,0
DA:196,0
DA:209,0
DA:211,0
DA:213,0
DA:214,0
DA:228,0
DA:230,0
DA:232,0
DA:233,0
DA:235,0
DA:237,0
end_of_record
SF:/home/asset/zephyrproject/zephyr/include/zephyr/sys/byteorder.h
FN:534,sys_get_le16
FNDA:40,sys_get_le16
DA:534,40
DA:536,40
end_of_record
SF:/home/asset/zephyrproject/zephyr/include/zephyr/syscall.h
FN:115,k_is_user_context
FNDA:0,k_is_user_context
DA:115,0
DA:120,0
end_of_record
SF:/home/asset/zephyrproject/zephyr/include/zephyr/logging/log_msg.h
FN:709,z_log_msg_runtime_create
FNDA:0,z_log_msg_runtime_create
DA:709,0
DA:717,0
DA:718,0
DA:720,0
DA:721,0
end_of_record
SF:/home/asset/zephyrproject/zephyr/include/zephyr/kernel.h
FN:584,k_current_get
FNDA:0,k_current_get
FN:2076,z_impl_k_queue_is_empty
FNDA:80,z_impl_k_queue_is_empty
FN:3214,z_impl_k_sem_count_get
FNDA:80,z_impl_k_sem_count_get
FN:4037,k_work_delayable_from_work
FNDA:0,k_work_delayable_from_work
DA:584,0
DA:593,0
DA:2076,80
DA:2078,80
DA:3214,80
DA:3216,80
DA:4037,0
DA:4039,0
end_of_record
SF:/home/asset/zephyrproject/build/zephyr/include/generated/syscalls/kernel.h
FN:208,k_sched_current_thread_query
FNDA:0,k_sched_current_thread_query
FN:616,k_queue_init
FNDA:40,k_queue_init
FN:684,k_queue_get
FNDA:0,k_queue_get
FN:701,k_queue_is_empty
FNDA:80,k_queue_is_empty
FN:717,k_queue_peek_head
FNDA:40,k_queue_peek_head
FN:1093,k_sem_take
FNDA:40,k_sem_take
FN:1110,k_sem_give
FNDA:0,k_sem_give
FN:1144,k_sem_count_get
FNDA:80,k_sem_count_get
FN:1467,k_poll_signal_init
FNDA:600,k_poll_signal_init
FN:1520,k_poll_signal_raise
FNDA:20,k_poll_signal_raise
DA:208,0
DA:215,0
DA:216,0
DA:616,40
DA:625,40
DA:626,40
DA:627,40
DA:684,0
DA:693,0
DA:694,0
DA:701,80
DA:709,80
DA:710,80
DA:717,40
DA:725,40
DA:726,40
DA:1093,40
DA:1102,40
DA:1103,40
DA:1110,0
DA:1119,0
DA:1120,0
DA:1121,0
DA:1144,80
DA:1152,80
DA:1153,80
DA:1467,600
DA:1476,600
DA:1477,600
DA:1478,600
DA:1520,20
DA:1529,20
DA:1530,20
end_of_record
TN:
SF:/home/asset/zephyrproject/zephyr/include/zephyr/net/buf.h
FN:1494,net_buf_add
FNDA:0,net_buf_add
DA:1494,0
DA:1496,0
end_of_record
SF:/home/asset/zephyrproject/zephyr/subsys/bluetooth/host/hci_common.c
FN:11,bt_hci_evt_create
FNDA:0,bt_hci_evt_create
FN:25,bt_hci_cmd_complete_create
FNDA:0,bt_hci_cmd_complete_create
FN:39,bt_hci_cmd_status_create
FNDA:0,bt_hci_cmd_status_create
DA:11,0
DA:16,0
DA:18,0
DA:19,0
DA:20,0
DA:22,0
DA:25,0
DA:30,0
DA:32,0
DA:33,0
DA:34,0
DA:36,0
DA:39,0
DA:44,0
DA:46,0
DA:47,0
DA:48,0
DA:49,0
DA:51,0
end_of_record
TN:
SF:/home/asset/zephyrproject/zephyr/include/zephyr/syscall.h
FN:115,k_is_user_context
FNDA:20,k_is_user_context
DA:115,20
DA:120,20
end_of_record
SF:/home/asset/zephyrproject/zephyr/include/zephyr/sys/atomic.h
FN:127,atomic_test_bit
FNDA:0,atomic_test_bit
FN:170,atomic_test_and_set_bit
FNDA:0,atomic_test_and_set_bit
FN:191,atomic_clear_bit
FNDA:0,atomic_clear_bit
FN:209,atomic_set_bit
FNDA:0,atomic_set_bit
DA:127,0
DA:129,0
DA:131,0
DA:170,0
DA:172,0
DA:175,0
DA:177,0
DA:191,0
DA:193,0
DA:195,0
DA:196,0
DA:209,0
DA:211,0
DA:213,0
DA:214,0
end_of_record
SF:/home/asset/zephyrproject/zephyr/include/zephyr/logging/log_msg.h
FN:709,z_log_msg_runtime_create
FNDA:20,z_log_msg_runtime_create
DA:709,20
DA:717,20
DA:718,20
DA:720,20
DA:721,20
end_of_record
SF:/home/asset/zephyrproject/zephyr/include/zephyr/net/buf.h
FN:1494,net_buf_add
FNDA:0,net_buf_add
DA:1494,0
DA:1496,0
end_of_record
SF:/home/asset/zephyrproject/zephyr/include/zephyr/sys/slist.h
FN:199,sys_slist_init
FNDA:0,sys_slist_init
FN:211,z_snode_next_peek
FNDA:0,z_snode_next_peek
FN:216,z_snode_next_set
FNDA:0,z_snode_next_set
FN:221,z_slist_head_set
FNDA:0,z_slist_head_set
FN:226,z_slist_tail_set
FNDA:0,z_slist_tail_set
FN:238,sys_slist_peek_head
FNDA:0,sys_slist_peek_head
FN:250,sys_slist_peek_tail
FNDA:0,sys_slist_peek_tail
FN:281,sys_slist_peek_next_no_check
FNDA:0,sys_slist_peek_next_no_check
FN:292,sys_slist_peek_next
FNDA:0,sys_slist_peek_next
FN:305,sys_slist_prepend
FNDA:0,sys_slist_prepend
DA:199,0
DA:201,0
DA:202,0
DA:203,0
DA:211,0
DA:213,0
DA:216,0
DA:218,0
DA:219,0
DA:221,0
DA:223,0
DA:224,0
DA:226,0
DA:228,0
DA:229,0
DA:238,0
DA:240,0
DA:250,0
DA:252,0
DA:281,0
DA:292,0
DA:305,0
end_of_record
SF:/home/asset/zephyrproject/zephyr/subsys/bluetooth/host/ecc.c
FN:37,bt_pub_key_is_debug
FNDA:0,bt_pub_key_is_debug
FN:42,bt_pub_key_gen
FNDA:20,bt_pub_key_gen
FN:108,bt_pub_key_hci_disrupted
FNDA:0,bt_pub_key_hci_disrupted
FN:123,bt_pub_key_get
FNDA:0,bt_pub_key_get
FN:137,hci_generate_dhkey_v1
FNDA:0,hci_generate_dhkey_v1
FN:153,hci_generate_dhkey_v2
FNDA:0,hci_generate_dhkey_v2
FN:170,bt_dh_key_gen
FNDA:0,bt_dh_key_gen
FN:205,bt_hci_evt_le_pkey_complete
FNDA:0,bt_hci_evt_le_pkey_complete
FN:228,bt_hci_evt_le_dhkey_complete
FNDA:0,bt_hci_evt_le_dhkey_complete
DA:37,0
DA:39,0
DA:42,20
DA:53,20
DA:54,0
DA:55,20
DA:56,20
DA:70,0
DA:71,0
DA:74,0
DA:75,0
DA:76,0
DA:77,0
DA:81,0
DA:83,0
DA:84,0
DA:87,0
DA:89,0
DA:90,0
DA:92,0
DA:93,0
DA:95,0
DA:96,0
DA:97,0
DA:101,0
DA:102,0
DA:105,0
DA:108,0
DA:112,0
DA:114,0
DA:115,0
DA:116,0
DA:120,0
DA:121,0
DA:123,0
DA:130,0
DA:131,0
DA:134,0
DA:137,0
DA:142,0
DA:143,0
DA:144,0
DA:147,0
DA:148,0
DA:150,0
DA:153,0
DA:158,0
DA:159,0
DA:160,0
DA:163,0
DA:164,0
DA:165,0
DA:167,0
DA:170,0
DA:174,0
DA:175,0
DA:178,0
DA:179,0
DA:182,0
DA:183,0
DA:186,0
DA:193,0
DA:196,0
DA:197,0
DA:198,0
DA:199,0
DA:202,0
DA:205,0
DA:207,0
DA:210,0
DA:212,0
DA:214,0
DA:215,0
DA:216,0
DA:219,0
DA:220,0
DA:221,0
DA:225,0
DA:226,0
DA:228,0
DA:230,0
DA:232,0
DA:234,0
DA:235,0
DA:237,0
DA:238,0
DA:240,0
end_of_record
SF:/home/asset/zephyrproject/zephyr/include/zephyr/sys/atomic_builtin.h
FN:58,atomic_get
FNDA:0,atomic_get
FN:92,atomic_or
FNDA:0,atomic_or
FN:102,atomic_and
FNDA:0,atomic_and
DA:58,0
DA:60,0
DA:92,0
DA:94,0
DA:102,0
DA:104,0
end_of_record
TN:
SF:/home/asset/zephyrproject/zephyr/subsys/bluetooth/common/bt_str.c
FN:19,bt_hex
FNDA:0,bt_hex
FN:38,bt_addr_str
FNDA:0,bt_addr_str
FN:47,bt_addr_le_str
FNDA:20,bt_addr_le_str
FN:56,bt_uuid_str
FNDA:0,bt_uuid_str
DA:19,0
DA:23,0
DA:26,0
DA:28,0
DA:29,0
DA:30,0
DA:33,0
DA:35,0
DA:38,0
DA:42,0
DA:44,0
DA:47,20
DA:51,20
DA:53,20
DA:56,0
DA:60,0
DA:62,0
end_of_record
SF:/home/asset/zephyrproject/zephyr/include/zephyr/bluetooth/addr.h
FN:225,bt_addr_to_str
FNDA:0,bt_addr_to_str
FN:242,bt_addr_le_to_str
FNDA:20,bt_addr_le_to_str
DA:225,0
DA:227,0
DA:228,0
DA:229,0
DA:242,20
DA:247,20
DA:248,0
DA:249,0
DA:250,0
DA:251,20
DA:252,20
DA:253,20
DA:254,0
DA:255,0
DA:256,0
DA:257,0
DA:258,0
DA:259,0
DA:260,0
DA:261,0
DA:262,0
DA:265,40
DA:266,20
DA:267,20
end_of_record
TN:
SF:/home/asset/zephyrproject/zephyr/subsys/bluetooth/common/rpa.c
FN:43,internal_encrypt_le
FNDA:0,internal_encrypt_le
FN:56,ah
FNDA:0,ah
FN:85,bt_rpa_irk_matches
FNDA:0,bt_rpa_irk_matches
FN:123,bt_rpa_create
FNDA:0,bt_rpa_create
DA:43,0
DA:52,0
DA:56,0
DA:61,0
DA:62,0
DA:65,0
DA:66,0
DA:68,0
DA:69,0
DA:70,0
DA:79,0
DA:81,0
DA:85,0
DA:90,0
DA:92,0
DA:93,0
DA:94,0
DA:97,0
DA:123,0
DA:125,0
end_of_record
SF:/home/asset/zephyrproject/zephyr/include/zephyr/syscall.h
FN:115,k_is_user_context
FNDA:0,k_is_user_context
DA:115,0
DA:120,0
end_of_record
SF:/home/asset/zephyrproject/zephyr/include/zephyr/logging/log_msg.h
FN:709,z_log_msg_runtime_create
FNDA:0,z_log_msg_runtime_create
DA:709,0
DA:717,0
DA:718,0
DA:720,0
DA:721,0
end_of_record
TN:
SF:/home/asset/zephyrproject/zephyr/include/zephyr/net/buf.h
FN:170,net_buf_simple_reset
FNDA:1858,net_buf_simple_reset
FN:1351,net_buf_destroy
FNDA:1220,net_buf_destroy
FN:1511,net_buf_add_mem
FNDA:0,net_buf_add_mem
FN:2256,net_buf_tailroom
FNDA:0,net_buf_tailroom
FN:2270,net_buf_headroom
FNDA:0,net_buf_headroom
DA:170,1858
DA:172,1858
DA:173,1858
DA:174,1858
DA:1351,1220
DA:1353,1220
DA:1355,1220
DA:1356,1220
DA:1357,1220
DA:1359,1220
DA:1362,1220
DA:1363,1220
DA:1511,0
DA:1514,0
DA:2256,0
DA:2258,0
DA:2270,0
DA:2272,0
end_of_record
SF:/home/asset/zephyrproject/zephyr/include/zephyr/arch/posix/arch.h
FN:71,arch_irq_lock
FNDA:1518,arch_irq_lock
FN:77,arch_irq_unlock
FNDA:1518,arch_irq_unlock
DA:71,1518
DA:73,1518
DA:77,1518
DA:79,1518
DA:80,1518
end_of_record
SF:/home/asset/zephyrproject/zephyr/subsys/net/buf.c
FN:48,net_buf_pool_get
FNDA:12306,net_buf_pool_get
FN:57,pool_id
FNDA:140,pool_id
FN:62,net_buf_id
FNDA:7034,net_buf_id
FN:72,pool_get_uninit
FNDA:140,pool_get_uninit
FN:88,net_buf_reset
FNDA:1858,net_buf_reset
FN:96,generic_data_ref
FNDA:0,generic_data_ref
FN:106,mem_pool_data_alloc
FNDA:0,mem_pool_data_alloc
FN:127,mem_pool_data_unref
FNDA:0,mem_pool_data_unref
FN:148,fixed_data_alloc
FNDA:1318,fixed_data_alloc
FN:159,fixed_data_unref
FNDA:1318,fixed_data_unref
FN:211,data_alloc
FNDA:1318,data_alloc
FN:218,data_ref
FNDA:0,data_ref
FN:230,net_buf_alloc_len
FNDA:1318,net_buf_alloc_len
FN:353,net_buf_alloc_fixed
FNDA:1318,net_buf_alloc_fixed
FN:366,net_buf_alloc_with_data
FNDA:0,net_buf_alloc_with_data
FN:392,net_buf_get
FNDA:660,net_buf_get
FN:411,net_buf_slist_put
FNDA:100,net_buf_slist_put
FN:423,net_buf_slist_get
FNDA:100,net_buf_slist_get
FN:439,net_buf_put
FNDA:580,net_buf_put
FN:450,net_buf_unref
FNDA:2438,net_buf_unref
FN:493,net_buf_ref
FNDA:1120,net_buf_ref
FN:503,net_buf_clone
FNDA:0,net_buf_clone
FN:545,net_buf_frag_last
FNDA:18,net_buf_frag_last
FN:556,net_buf_frag_insert
FNDA:0,net_buf_frag_insert
FN:568,net_buf_frag_add
FNDA:0,net_buf_frag_add
FN:586,net_buf_frag_del
FNDA:0,net_buf_frag_del
FN:612,net_buf_linearize
FNDA:0,net_buf_linearize
FN:652,net_buf_append_bytes
FNDA:0,net_buf_append_bytes
FN:699,net_buf_data_match
FNDA:0,net_buf_data_match
DA:48,12306
DA:52,12306
DA:54,12306
DA:57,140
DA:59,140
DA:62,7034
DA:64,7034
DA:65,7034
DA:67,7034
DA:69,7034
DA:72,140
DA:75,140
DA:77,140
DA:80,140
DA:82,140
DA:83,140
DA:85,140
DA:88,1858
DA:93,1858
DA:94,1858
DA:96,0
DA:100,0
DA:101,0
DA:103,0
DA:106,0
DA:109,0
DA:110,0
DA:114,0
DA:116,0
DA:117,0
DA:120,0
DA:121,0
DA:124,0
DA:127,0
DA:129,0
DA:130,0
DA:133,0
DA:134,0
DA:135,0
DA:139,0
DA:148,1318
DA:151,1318
DA:152,1318
DA:154,1318
DA:156,1318
DA:159,1318
DA:162,1318
DA:211,1318
DA:213,1318
DA:215,1318
DA:218,0
DA:220,0
DA:222,0
DA:230,1318
DA:234,1318
DA:245,1318
DA:250,1318
DA:257,1298
DA:258,1198
DA:259,1198
DA:260,1158
DA:261,1158
DA:265,140
DA:266,140
DA:268,140
DA:269,140
DA:272,20
DA:301,20
DA:303,20
DA:305,0
DA:308,20
DA:311,1318
DA:315,1318
DA:316,1318
DA:317,1318
DA:320,0
DA:321,0
DA:328,0
DA:331,1318
DA:332,1318
DA:333,1318
DA:334,1318
DA:335,1318
DA:341,1318
DA:353,1318
DA:356,1318
DA:366,0
DA:376,0
DA:378,0
DA:379,0
DA:382,0
DA:383,0
DA:385,0
DA:392,660
DA:399,660
DA:400,660
DA:401,80
DA:406,580
DA:411,100
DA:418,100
DA:419,100
DA:420,100
DA:421,100
DA:423,100
DA:430,100
DA:432,100
DA:434,100
DA:436,100
DA:439,580
DA:444,580
DA:445,580
DA:450,2438
DA:455,3756
DA:456,2438
DA:469,2438
DA:470,1120
DA:473,1318
DA:474,1318
DA:476,1318
DA:483,1318
DA:484,98
DA:486,1220
DA:489,1318
DA:493,1120
DA:499,1120
DA:500,1120
DA:503,0
DA:505,0
DA:511,0
DA:513,0
DA:514,0
DA:515,0
DA:521,0
DA:522,0
DA:523,0
DA:524,0
DA:525,0
DA:527,0
DA:529,0
DA:531,0
DA:532,0
DA:533,0
DA:534,0
DA:537,0
DA:538,0
DA:539,0
DA:542,0
DA:545,18
DA:549,18
DA:550,0
DA:553,18
DA:556,0
DA:561,0
DA:562,0
DA:565,0
DA:566,0
DA:568,0
DA:572,0
DA:573,0
DA:576,0
DA:578,0
DA:586,0
DA:593,0
DA:596,0
DA:599,0
DA:601,0
DA:606,0
DA:609,0
DA:612,0
DA:619,0
DA:621,0
DA:624,0
DA:625,0
DA:626,0
DA:630,0
DA:631,0
DA:632,0
DA:633,0
DA:635,0
DA:638,0
DA:639,0
DA:642,0
DA:645,0
DA:652,0
DA:656,0
DA:657,0
DA:658,0
DA:661,0
DA:662,0
DA:664,0
DA:665,0
DA:666,0
DA:667,0
DA:669,0
DA:670,0
DA:673,0
DA:674,0
DA:681,0
DA:682,0
DA:683,0
DA:688,0
DA:689,0
DA:692,0
DA:699,0
DA:701,0
DA:703,0
DA:706,0
DA:707,0
DA:711,0
DA:712,0
DA:713,0
DA:716,0
DA:717,0
DA:718,0
DA:720,0
DA:721,0
DA:722,0
DA:724,0
DA:727,0
DA:728,0
DA:729,0
DA:732,0
end_of_record
SF:/home/asset/zephyrproject/zephyr/include/zephyr/sys/slist.h
FN:211,z_snode_next_peek
FNDA:100,z_snode_next_peek
FN:216,z_snode_next_set
FNDA:160,z_snode_next_set
FN:221,z_slist_head_set
FNDA:140,z_slist_head_set
FN:226,z_slist_tail_set
FNDA:140,z_slist_tail_set
FN:238,sys_slist_peek_head
FNDA:240,sys_slist_peek_head
FN:250,sys_slist_peek_tail
FNDA:260,sys_slist_peek_tail
FN:268,sys_slist_is_empty
FNDA:100,sys_slist_is_empty
FN:318,sys_slist_append
FNDA:100,sys_slist_append
FN:379,sys_slist_get_not_empty
FNDA:100,sys_slist_get_not_empty
FN:392,sys_slist_get
FNDA:100,sys_slist_get
DA:211,100
DA:213,100
DA:216,160
DA:218,160
DA:219,160
DA:221,140
DA:223,140
DA:224,140
DA:226,140
DA:228,140
DA:229,140
DA:238,240
DA:240,240
DA:250,260
DA:252,260
DA:268,100
DA:318,100
DA:379,100
DA:392,100
end_of_record
SF:/home/asset/zephyrproject/zephyr/include/zephyr/spinlock.h
FN:132,z_spinlock_validate_pre
FNDA:1518,z_spinlock_validate_pre
FN:143,z_spinlock_validate_post
FNDA:1518,z_spinlock_validate_post
FN:182,k_spin_lock
FNDA:1518,k_spin_lock
FN:300,k_spin_unlock
FNDA:1518,k_spin_unlock
DA:132,1518
DA:141,1518
DA:143,1518
DA:152,1518
DA:182,1518
DA:191,1518
DA:193,1518
DA:211,1518
DA:213,1518
DA:300,1518
DA:331,1518
DA:332,1518
end_of_record
SF:/home/asset/zephyrproject/build/zephyr/include/generated/syscalls/kernel.h
FN:684,k_queue_get
FNDA:1878,k_queue_get
DA:684,1878
DA:693,1878
DA:694,1878
end_of_record
TN:
SF:/home/asset/zephyrproject/zephyr/include/zephyr/net/buf.h
FN:809,net_buf_simple_tail
FNDA:2214,net_buf_simple_tail
DA:809,2214
DA:811,2214
end_of_record
SF:/home/asset/zephyrproject/zephyr/include/zephyr/sys/byteorder.h
FN:308,sys_put_be16
FNDA:0,sys_put_be16
FN:323,sys_put_be24
FNDA:0,sys_put_be24
FN:338,sys_put_be32
FNDA:0,sys_put_be32
FN:353,sys_put_be48
FNDA:0,sys_put_be48
FN:368,sys_put_be64
FNDA:0,sys_put_be64
FN:383,sys_put_le16
FNDA:0,sys_put_le16
FN:398,sys_put_le24
FNDA:0,sys_put_le24
FN:413,sys_put_le32
FNDA:0,sys_put_le32
FN:428,sys_put_le48
FNDA:0,sys_put_le48
FN:443,sys_put_le64
FNDA:0,sys_put_le64
DA:308,0
DA:310,0
DA:311,0
DA:312,0
DA:323,0
DA:325,0
DA:326,0
DA:327,0
DA:338,0
DA:340,0
DA:341,0
DA:342,0
DA:353,0
DA:355,0
DA:356,0
DA:357,0
DA:368,0
DA:370,0
DA:371,0
DA:372,0
DA:383,0
DA:385,0
DA:386,0
DA:387,0
DA:398,0
DA:400,0
DA:401,0
DA:402,0
DA:413,0
DA:415,0
DA:416,0
DA:417,0
DA:428,0
DA:430,0
DA:431,0
DA:432,0
DA:443,0
DA:445,0
DA:446,0
DA:447,0
end_of_record
SF:/home/asset/zephyrproject/zephyr/subsys/net/buf_simple.c
FN:32,net_buf_simple_init_with_data
FNDA:0,net_buf_simple_init_with_data
FN:41,net_buf_simple_reserve
FNDA:1858,net_buf_simple_reserve
FN:50,net_buf_simple_clone
FNDA:0,net_buf_simple_clone
FN:56,net_buf_simple_add
FNDA:2214,net_buf_simple_add
FN:68,net_buf_simple_add_mem
FNDA:1260,net_buf_simple_add_mem
FN:76,net_buf_simple_add_u8
FNDA:40,net_buf_simple_add_u8
FN:88,net_buf_simple_add_le16
FNDA:0,net_buf_simple_add_le16
FN:95,net_buf_simple_add_be16
FNDA:0,net_buf_simple_add_be16
FN:102,net_buf_simple_add_le24
FNDA:0,net_buf_simple_add_le24
FN:109,net_buf_simple_add_be24
FNDA:0,net_buf_simple_add_be24
FN:116,net_buf_simple_add_le32
FNDA:0,net_buf_simple_add_le32
FN:123,net_buf_simple_add_be32
FNDA:0,net_buf_simple_add_be32
FN:130,net_buf_simple_add_le48
FNDA:0,net_buf_simple_add_le48
FN:137,net_buf_simple_add_be48
FNDA:0,net_buf_simple_add_be48
FN:144,net_buf_simple_add_le64
FNDA:0,net_buf_simple_add_le64
FN:151,net_buf_simple_add_be64
FNDA:0,net_buf_simple_add_be64
FN:158,net_buf_simple_remove_mem
FNDA:0,net_buf_simple_remove_mem
FN:168,net_buf_simple_remove_u8
FNDA:0,net_buf_simple_remove_u8
FN:179,net_buf_simple_remove_le16
FNDA:0,net_buf_simple_remove_le16
FN:190,net_buf_simple_remove_be16
FNDA:0,net_buf_simple_remove_be16
FN:201,net_buf_simple_remove_le24
FNDA:0,net_buf_simple_remove_le24
FN:214,net_buf_simple_remove_be24
FNDA:0,net_buf_simple_remove_be24
FN:227,net_buf_simple_remove_le32
FNDA:0,net_buf_simple_remove_le32
FN:238,net_buf_simple_remove_be32
FNDA:0,net_buf_simple_remove_be32
FN:249,net_buf_simple_remove_le48
FNDA:0,net_buf_simple_remove_le48
FN:262,net_buf_simple_remove_be48
FNDA:0,net_buf_simple_remove_be48
FN:275,net_buf_simple_remove_le64
FNDA:0,net_buf_simple_remove_le64
FN:286,net_buf_simple_remove_be64
FNDA:0,net_buf_simple_remove_be64
FN:297,net_buf_simple_push
FNDA:700,net_buf_simple_push
FN:308,net_buf_simple_push_mem
FNDA:0,net_buf_simple_push_mem
FN:316,net_buf_simple_push_le16
FNDA:0,net_buf_simple_push_le16
FN:323,net_buf_simple_push_be16
FNDA:0,net_buf_simple_push_be16
FN:330,net_buf_simple_push_u8
FNDA:620,net_buf_simple_push_u8
FN:337,net_buf_simple_push_le24
FNDA:0,net_buf_simple_push_le24
FN:344,net_buf_simple_push_be24
FNDA:0,net_buf_simple_push_be24
FN:351,net_buf_simple_push_le32
FNDA:0,net_buf_simple_push_le32
FN:358,net_buf_simple_push_be32
FNDA:0,net_buf_simple_push_be32
FN:365,net_buf_simple_push_le48
FNDA:0,net_buf_simple_push_le48
FN:372,net_buf_simple_push_be48
FNDA:0,net_buf_simple_push_be48
FN:379,net_buf_simple_push_le64
FNDA:0,net_buf_simple_push_le64
FN:386,net_buf_simple_push_be64
FNDA:0,net_buf_simple_push_be64
FN:393,net_buf_simple_pull
FNDA:20,net_buf_simple_pull
FN:403,net_buf_simple_pull_mem
FNDA:1360,net_buf_simple_pull_mem
FN:417,net_buf_simple_pull_u8
FNDA:0,net_buf_simple_pull_u8
FN:427,net_buf_simple_pull_le16
FNDA:20,net_buf_simple_pull_le16
FN:437,net_buf_simple_pull_be16
FNDA:0,net_buf_simple_pull_be16
FN:447,net_buf_simple_pull_le24
FNDA:0,net_buf_simple_pull_le24
FN:459,net_buf_simple_pull_be24
FNDA:0,net_buf_simple_pull_be24
FN:471,net_buf_simple_pull_le32
FNDA:0,net_buf_simple_pull_le32
FN:481,net_buf_simple_pull_be32
FNDA:0,net_buf_simple_pull_be32
FN:491,net_buf_simple_pull_le48
FNDA:0,net_buf_simple_pull_le48
FN:503,net_buf_simple_pull_be48
FNDA:0,net_buf_simple_pull_be48
FN:515,net_buf_simple_pull_le64
FNDA:0,net_buf_simple_pull_le64
FN:525,net_buf_simple_pull_be64
FNDA:0,net_buf_simple_pull_be64
FN:535,net_buf_simple_headroom
FNDA:1318,net_buf_simple_headroom
FN:540,net_buf_simple_tailroom
FNDA:698,net_buf_simple_tailroom
FN:545,net_buf_simple_max_len
FNDA:0,net_buf_simple_max_len
DA:32,0
DA:35,0
DA:36,0
DA:37,0
DA:38,0
DA:39,0
DA:41,1858
DA:47,1858
DA:48,1858
DA:50,0
DA:53,0
DA:54,0
DA:56,2214
DA:58,2214
DA:64,2214
DA:65,2214
DA:68,1260
DA:73,1260
DA:76,40
DA:82,40
DA:83,40
DA:85,40
DA:88,0
DA:92,0
DA:93,0
DA:95,0
DA:99,0
DA:100,0
DA:102,0
DA:106,0
DA:107,0
DA:109,0
DA:113,0
DA:114,0
DA:116,0
DA:120,0
DA:121,0
DA:123,0
DA:127,0
DA:128,0
DA:130,0
DA:134,0
DA:135,0
DA:137,0
DA:141,0
DA:142,0
DA:144,0
DA:148,0
DA:149,0
DA:151,0
DA:155,0
DA:156,0
DA:158,0
DA:164,0
DA:165,0
DA:168,0
DA:173,0
DA:174,0
DA:176,0
DA:179,0
DA:184,0
DA:185,0
DA:187,0
DA:190,0
DA:195,0
DA:196,0
DA:198,0
DA:201,0
DA:208,0
DA:209,0
DA:211,0
DA:214,0
DA:221,0
DA:222,0
DA:224,0
DA:227,0
DA:232,0
DA:233,0
DA:235,0
DA:238,0
DA:243,0
DA:244,0
DA:246,0
DA:249,0
DA:256,0
DA:257,0
DA:259,0
DA:262,0
DA:269,0
DA:270,0
DA:272,0
DA:275,0
DA:280,0
DA:281,0
DA:283,0
DA:286,0
DA:291,0
DA:292,0
DA:294,0
DA:297,700
DA:303,700
DA:304,700
DA:305,700
DA:308,0
DA:313,0
DA:316,0
DA:320,0
DA:321,0
DA:323,0
DA:327,0
DA:328,0
DA:330,620
DA:332,620
DA:334,620
DA:335,620
DA:337,0
DA:341,0
DA:342,0
DA:344,0
DA:348,0
DA:349,0
DA:351,0
DA:355,0
DA:356,0
DA:358,0
DA:362,0
DA:363,0
DA:365,0
DA:369,0
DA:370,0
DA:372,0
DA:376,0
DA:377,0
DA:379,0
DA:383,0
DA:384,0
DA:386,0
DA:390,0
DA:391,0
DA:393,20
DA:399,20
DA:400,20
DA:403,1360
DA:405,1360
DA:411,1360
DA:412,1360
DA:414,1360
DA:417,0
DA:421,0
DA:422,0
DA:424,0
DA:427,20
DA:431,20
DA:432,20
DA:434,20
DA:437,0
DA:441,0
DA:442,0
DA:444,0
DA:447,0
DA:453,0
DA:454,0
DA:456,0
DA:459,0
DA:465,0
DA:466,0
DA:468,0
DA:471,0
DA:475,0
DA:476,0
DA:478,0
DA:481,0
DA:485,0
DA:486,0
DA:488,0
DA:491,0
DA:497,0
DA:498,0
DA:500,0
DA:503,0
DA:509,0
DA:510,0
DA:512,0
DA:515,0
DA:519,0
DA:520,0
DA:522,0
DA:525,0
DA:529,0
DA:530,0
DA:532,0
DA:535,1318
DA:537,1318
DA:540,698
DA:542,698
DA:545,0
DA:547,0
end_of_record
